{"C:\\Users\\hp\\OneDrive\\Documents\\hacktiv8\\p2\\individual-project\\IP-ABIGAIL\\server\\app.js": {"path":"C:\\Users\\hp\\OneDrive\\Documents\\hacktiv8\\p2\\individual-project\\IP-ABIGAIL\\server\\app.js","statementMap":{"0":{"start":{"line":2,"column":0},"end":{"line":2,"column":26}},"1":{"start":{"line":3,"column":16},"end":{"line":3,"column":34}},"2":{"start":{"line":4,"column":13},"end":{"line":4,"column":28}},"3":{"start":{"line":5,"column":13},"end":{"line":5,"column":17}},"4":{"start":{"line":6,"column":12},"end":{"line":6,"column":21}},"5":{"start":{"line":7,"column":21},"end":{"line":7,"column":61}},"6":{"start":{"line":8,"column":0},"end":{"line":8,"column":48}},"7":{"start":{"line":10,"column":0},"end":{"line":10,"column":24}},"8":{"start":{"line":11,"column":0},"end":{"line":11,"column":16}},"9":{"start":{"line":12,"column":15},"end":{"line":12,"column":44}},"10":{"start":{"line":14,"column":0},"end":{"line":14,"column":21}},"11":{"start":{"line":15,"column":0},"end":{"line":15,"column":21}},"12":{"start":{"line":17,"column":0},"end":{"line":17,"column":21}}},"fnMap":{},"branchMap":{},"s":{"0":3,"1":3,"2":3,"3":3,"4":3,"5":3,"6":3,"7":3,"8":3,"9":3,"10":3,"11":3,"12":3},"f":{},"b":{},"_coverageSchema":"1a1c01bbd47fc00a2c39e90264f33305004495a9","hash":"0f024f7b832d3cd3da02841eb4c0760479dac128"}
,"C:\\Users\\hp\\OneDrive\\Documents\\hacktiv8\\p2\\individual-project\\IP-ABIGAIL\\server\\controllers\\controller.js": {"path":"C:\\Users\\hp\\OneDrive\\Documents\\hacktiv8\\p2\\individual-project\\IP-ABIGAIL\\server\\controllers\\controller.js","statementMap":{"0":{"start":{"line":1,"column":14},"end":{"line":1,"column":30}},"1":{"start":{"line":2,"column":15},"end":{"line":2,"column":34}},"2":{"start":{"line":9,"column":4},"end":{"line":9,"column":24}},"3":{"start":{"line":10,"column":35},"end":{"line":10,"column":71}},"4":{"start":{"line":11,"column":18},"end":{"line":11,"column":38}},"5":{"start":{"line":14,"column":4},"end":{"line":20,"column":5}},"6":{"start":{"line":17,"column":6},"end":{"line":17,"column":39}},"7":{"start":{"line":19,"column":6},"end":{"line":19,"column":18}},"8":{"start":{"line":24,"column":4},"end":{"line":35,"column":5}},"9":{"start":{"line":25,"column":29},"end":{"line":31,"column":8}},"10":{"start":{"line":32,"column":6},"end":{"line":32,"column":45}},"11":{"start":{"line":34,"column":6},"end":{"line":34,"column":18}},"12":{"start":{"line":39,"column":4},"end":{"line":46,"column":5}},"13":{"start":{"line":40,"column":23},"end":{"line":42,"column":8}},"14":{"start":{"line":43,"column":6},"end":{"line":43,"column":39}},"15":{"start":{"line":45,"column":6},"end":{"line":45,"column":18}},"16":{"start":{"line":50,"column":4},"end":{"line":67,"column":5}},"17":{"start":{"line":51,"column":23},"end":{"line":51,"column":33}},"18":{"start":{"line":52,"column":25},"end":{"line":57,"column":10}},"19":{"start":{"line":58,"column":8},"end":{"line":63,"column":9}},"20":{"start":{"line":59,"column":12},"end":{"line":62,"column":14}},"21":{"start":{"line":64,"column":8},"end":{"line":64,"column":39}},"22":{"start":{"line":66,"column":8},"end":{"line":66,"column":19}},"23":{"start":{"line":71,"column":4},"end":{"line":91,"column":5}},"24":{"start":{"line":72,"column":34},"end":{"line":72,"column":42}},"25":{"start":{"line":73,"column":6},"end":{"line":77,"column":10}},"26":{"start":{"line":74,"column":8},"end":{"line":77,"column":10}},"27":{"start":{"line":79,"column":19},"end":{"line":83,"column":8}},"28":{"start":{"line":84,"column":6},"end":{"line":84,"column":82}},"29":{"start":{"line":84,"column":16},"end":{"line":84,"column":82}},"30":{"start":{"line":85,"column":22},"end":{"line":85,"column":65}},"31":{"start":{"line":86,"column":6},"end":{"line":86,"column":86}},"32":{"start":{"line":86,"column":20},"end":{"line":86,"column":86}},"33":{"start":{"line":87,"column":27},"end":{"line":87,"column":51}},"34":{"start":{"line":88,"column":6},"end":{"line":88,"column":52}},"35":{"start":{"line":90,"column":6},"end":{"line":90,"column":18}},"36":{"start":{"line":95,"column":8},"end":{"line":121,"column":9}},"37":{"start":{"line":96,"column":46},"end":{"line":96,"column":54}},"38":{"start":{"line":97,"column":8},"end":{"line":101,"column":14}},"39":{"start":{"line":98,"column":12},"end":{"line":101,"column":14}},"40":{"start":{"line":103,"column":21},"end":{"line":107,"column":10}},"41":{"start":{"line":109,"column":21},"end":{"line":115,"column":14}},"42":{"start":{"line":117,"column":8},"end":{"line":117,"column":42}},"43":{"start":{"line":119,"column":12},"end":{"line":119,"column":30}},"44":{"start":{"line":120,"column":8},"end":{"line":120,"column":20}},"45":{"start":{"line":125,"column":8},"end":{"line":143,"column":9}},"46":{"start":{"line":126,"column":27},"end":{"line":126,"column":37}},"47":{"start":{"line":127,"column":25},"end":{"line":132,"column":14}},"48":{"start":{"line":133,"column":12},"end":{"line":138,"column":13}},"49":{"start":{"line":134,"column":16},"end":{"line":137,"column":18}},"50":{"start":{"line":139,"column":12},"end":{"line":139,"column":39}},"51":{"start":{"line":141,"column":12},"end":{"line":141,"column":30}},"52":{"start":{"line":142,"column":12},"end":{"line":142,"column":24}},"53":{"start":{"line":147,"column":8},"end":{"line":160,"column":9}},"54":{"start":{"line":148,"column":10},"end":{"line":148,"column":31}},"55":{"start":{"line":149,"column":31},"end":{"line":149,"column":41}},"56":{"start":{"line":150,"column":25},"end":{"line":150,"column":52}},"57":{"start":{"line":151,"column":12},"end":{"line":151,"column":77}},"58":{"start":{"line":151,"column":23},"end":{"line":151,"column":77}},"59":{"start":{"line":152,"column":30},"end":{"line":155,"column":14}},"60":{"start":{"line":156,"column":12},"end":{"line":156,"column":44}},"61":{"start":{"line":158,"column":12},"end":{"line":158,"column":61}},"62":{"start":{"line":159,"column":12},"end":{"line":159,"column":24}},"63":{"start":{"line":164,"column":8},"end":{"line":183,"column":9}},"64":{"start":{"line":165,"column":27},"end":{"line":165,"column":37}},"65":{"start":{"line":166,"column":31},"end":{"line":166,"column":39}},"66":{"start":{"line":167,"column":12},"end":{"line":167,"column":85}},"67":{"start":{"line":167,"column":25},"end":{"line":167,"column":85}},"68":{"start":{"line":168,"column":12},"end":{"line":175,"column":13}},"69":{"start":{"line":177,"column":30},"end":{"line":177,"column":58}},"70":{"start":{"line":178,"column":12},"end":{"line":178,"column":87}},"71":{"start":{"line":178,"column":27},"end":{"line":178,"column":87}},"72":{"start":{"line":179,"column":12},"end":{"line":179,"column":44}},"73":{"start":{"line":181,"column":12},"end":{"line":181,"column":30}},"74":{"start":{"line":182,"column":12},"end":{"line":182,"column":24}},"75":{"start":{"line":187,"column":8},"end":{"line":201,"column":9}},"76":{"start":{"line":188,"column":31},"end":{"line":196,"column":14}},"77":{"start":{"line":197,"column":12},"end":{"line":197,"column":45}},"78":{"start":{"line":199,"column":12},"end":{"line":199,"column":30}},"79":{"start":{"line":200,"column":12},"end":{"line":200,"column":24}},"80":{"start":{"line":205,"column":8},"end":{"line":218,"column":9}},"81":{"start":{"line":206,"column":27},"end":{"line":206,"column":37}},"82":{"start":{"line":207,"column":30},"end":{"line":207,"column":58}},"83":{"start":{"line":208,"column":12},"end":{"line":208,"column":88}},"84":{"start":{"line":208,"column":28},"end":{"line":208,"column":88}},"85":{"start":{"line":209,"column":12},"end":{"line":213,"column":14}},"86":{"start":{"line":214,"column":12},"end":{"line":214,"column":73}},"87":{"start":{"line":216,"column":12},"end":{"line":216,"column":30}},"88":{"start":{"line":217,"column":12},"end":{"line":217,"column":24}},"89":{"start":{"line":222,"column":0},"end":{"line":222,"column":28}}},"fnMap":{"0":{"name":"(anonymous_0)","decl":{"start":{"line":13,"column":2},"end":{"line":13,"column":3}},"loc":{"start":{"line":13,"column":39},"end":{"line":21,"column":3}},"line":13},"1":{"name":"(anonymous_1)","decl":{"start":{"line":23,"column":2},"end":{"line":23,"column":3}},"loc":{"start":{"line":23,"column":50},"end":{"line":36,"column":3}},"line":23},"2":{"name":"(anonymous_2)","decl":{"start":{"line":38,"column":2},"end":{"line":38,"column":3}},"loc":{"start":{"line":38,"column":43},"end":{"line":47,"column":3}},"line":38},"3":{"name":"(anonymous_3)","decl":{"start":{"line":49,"column":2},"end":{"line":49,"column":3}},"loc":{"start":{"line":49,"column":46},"end":{"line":68,"column":3}},"line":49},"4":{"name":"(anonymous_4)","decl":{"start":{"line":70,"column":2},"end":{"line":70,"column":3}},"loc":{"start":{"line":70,"column":41},"end":{"line":92,"column":3}},"line":70},"5":{"name":"(anonymous_5)","decl":{"start":{"line":94,"column":4},"end":{"line":94,"column":5}},"loc":{"start":{"line":94,"column":46},"end":{"line":122,"column":5}},"line":94},"6":{"name":"(anonymous_6)","decl":{"start":{"line":124,"column":4},"end":{"line":124,"column":5}},"loc":{"start":{"line":124,"column":45},"end":{"line":144,"column":5}},"line":124},"7":{"name":"(anonymous_7)","decl":{"start":{"line":146,"column":4},"end":{"line":146,"column":5}},"loc":{"start":{"line":146,"column":47},"end":{"line":161,"column":5}},"line":146},"8":{"name":"(anonymous_8)","decl":{"start":{"line":163,"column":4},"end":{"line":163,"column":5}},"loc":{"start":{"line":163,"column":49},"end":{"line":184,"column":5}},"line":163},"9":{"name":"(anonymous_9)","decl":{"start":{"line":186,"column":4},"end":{"line":186,"column":5}},"loc":{"start":{"line":186,"column":47},"end":{"line":202,"column":5}},"line":186},"10":{"name":"(anonymous_10)","decl":{"start":{"line":204,"column":4},"end":{"line":204,"column":5}},"loc":{"start":{"line":204,"column":49},"end":{"line":219,"column":5}},"line":204}},"branchMap":{"0":{"loc":{"start":{"line":58,"column":8},"end":{"line":63,"column":9}},"type":"if","locations":[{"start":{"line":58,"column":8},"end":{"line":63,"column":9}},{"start":{},"end":{}}],"line":58},"1":{"loc":{"start":{"line":73,"column":6},"end":{"line":77,"column":10}},"type":"if","locations":[{"start":{"line":73,"column":6},"end":{"line":77,"column":10}},{"start":{},"end":{}}],"line":73},"2":{"loc":{"start":{"line":73,"column":10},"end":{"line":73,"column":29}},"type":"binary-expr","locations":[{"start":{"line":73,"column":10},"end":{"line":73,"column":16}},{"start":{"line":73,"column":20},"end":{"line":73,"column":29}}],"line":73},"3":{"loc":{"start":{"line":84,"column":6},"end":{"line":84,"column":82}},"type":"if","locations":[{"start":{"line":84,"column":6},"end":{"line":84,"column":82}},{"start":{},"end":{}}],"line":84},"4":{"loc":{"start":{"line":86,"column":6},"end":{"line":86,"column":86}},"type":"if","locations":[{"start":{"line":86,"column":6},"end":{"line":86,"column":86}},{"start":{},"end":{}}],"line":86},"5":{"loc":{"start":{"line":97,"column":8},"end":{"line":101,"column":14}},"type":"if","locations":[{"start":{"line":97,"column":8},"end":{"line":101,"column":14}},{"start":{},"end":{}}],"line":97},"6":{"loc":{"start":{"line":97,"column":12},"end":{"line":97,"column":31}},"type":"binary-expr","locations":[{"start":{"line":97,"column":12},"end":{"line":97,"column":18}},{"start":{"line":97,"column":22},"end":{"line":97,"column":31}}],"line":97},"7":{"loc":{"start":{"line":133,"column":12},"end":{"line":138,"column":13}},"type":"if","locations":[{"start":{"line":133,"column":12},"end":{"line":138,"column":13}},{"start":{},"end":{}}],"line":133},"8":{"loc":{"start":{"line":151,"column":12},"end":{"line":151,"column":77}},"type":"if","locations":[{"start":{"line":151,"column":12},"end":{"line":151,"column":77}},{"start":{},"end":{}}],"line":151},"9":{"loc":{"start":{"line":167,"column":12},"end":{"line":167,"column":85}},"type":"if","locations":[{"start":{"line":167,"column":12},"end":{"line":167,"column":85}},{"start":{},"end":{}}],"line":167},"10":{"loc":{"start":{"line":178,"column":12},"end":{"line":178,"column":87}},"type":"if","locations":[{"start":{"line":178,"column":12},"end":{"line":178,"column":87}},{"start":{},"end":{}}],"line":178},"11":{"loc":{"start":{"line":208,"column":12},"end":{"line":208,"column":88}},"type":"if","locations":[{"start":{"line":208,"column":12},"end":{"line":208,"column":88}},{"start":{},"end":{}}],"line":208}},"s":{"0":3,"1":3,"2":3,"3":3,"4":3,"5":0,"6":0,"7":0,"8":1,"9":1,"10":1,"11":0,"12":1,"13":1,"14":1,"15":0,"16":2,"17":2,"18":2,"19":2,"20":1,"21":1,"22":1,"23":5,"24":5,"25":5,"26":2,"27":3,"28":3,"29":1,"30":2,"31":2,"32":1,"33":1,"34":1,"35":4,"36":4,"37":4,"38":4,"39":2,"40":2,"41":1,"42":1,"43":3,"44":3,"45":3,"46":3,"47":3,"48":2,"49":1,"50":1,"51":2,"52":2,"53":2,"54":2,"55":2,"56":2,"57":2,"58":1,"59":1,"60":1,"61":1,"62":1,"63":3,"64":3,"65":3,"66":3,"67":1,"68":2,"69":2,"70":2,"71":1,"72":1,"73":2,"74":2,"75":1,"76":1,"77":1,"78":0,"79":0,"80":2,"81":2,"82":2,"83":2,"84":1,"85":1,"86":1,"87":1,"88":1,"89":3},"f":{"0":0,"1":1,"2":1,"3":2,"4":5,"5":4,"6":3,"7":2,"8":3,"9":1,"10":2},"b":{"0":[1,1],"1":[2,3],"2":[5,4],"3":[1,2],"4":[1,1],"5":[2,2],"6":[4,3],"7":[1,1],"8":[1,1],"9":[1,2],"10":[1,1],"11":[1,1]},"_coverageSchema":"1a1c01bbd47fc00a2c39e90264f33305004495a9","hash":"078b8535a1521cadd0b11cc7eb5a497dcef77e51"}
,"C:\\Users\\hp\\OneDrive\\Documents\\hacktiv8\\p2\\individual-project\\IP-ABIGAIL\\server\\helpers\\createToken.js": {"path":"C:\\Users\\hp\\OneDrive\\Documents\\hacktiv8\\p2\\individual-project\\IP-ABIGAIL\\server\\helpers\\createToken.js","statementMap":{"0":{"start":{"line":3,"column":12},"end":{"line":3,"column":35}},"1":{"start":{"line":4,"column":23},"end":{"line":4,"column":34}},"2":{"start":{"line":6,"column":18},"end":{"line":8,"column":1}},"3":{"start":{"line":7,"column":4},"end":{"line":7,"column":37}},"4":{"start":{"line":10,"column":20},"end":{"line":12,"column":1}},"5":{"start":{"line":11,"column":4},"end":{"line":11,"column":39}},"6":{"start":{"line":14,"column":0},"end":{"line":17,"column":1}}},"fnMap":{"0":{"name":"(anonymous_0)","decl":{"start":{"line":6,"column":18},"end":{"line":6,"column":19}},"loc":{"start":{"line":6,"column":28},"end":{"line":8,"column":1}},"line":6},"1":{"name":"(anonymous_1)","decl":{"start":{"line":10,"column":20},"end":{"line":10,"column":21}},"loc":{"start":{"line":10,"column":30},"end":{"line":12,"column":1}},"line":10}},"branchMap":{},"s":{"0":3,"1":3,"2":3,"3":4,"4":3,"5":9,"6":3},"f":{"0":4,"1":9},"b":{},"_coverageSchema":"1a1c01bbd47fc00a2c39e90264f33305004495a9","hash":"611a1a9b53de12d3a15c6a39a7477b21beae6c44"}
,"C:\\Users\\hp\\OneDrive\\Documents\\hacktiv8\\p2\\individual-project\\IP-ABIGAIL\\server\\middlewares\\authentication.js": {"path":"C:\\Users\\hp\\OneDrive\\Documents\\hacktiv8\\p2\\individual-project\\IP-ABIGAIL\\server\\middlewares\\authentication.js","statementMap":{"0":{"start":{"line":2,"column":24},"end":{"line":2,"column":60}},"1":{"start":{"line":5,"column":4},"end":{"line":31,"column":5}},"2":{"start":{"line":6,"column":34},"end":{"line":6,"column":45}},"3":{"start":{"line":7,"column":8},"end":{"line":9,"column":9}},"4":{"start":{"line":8,"column":8},"end":{"line":8,"column":70}},"5":{"start":{"line":11,"column":25},"end":{"line":11,"column":49}},"6":{"start":{"line":12,"column":26},"end":{"line":12,"column":37}},"7":{"start":{"line":13,"column":27},"end":{"line":13,"column":38}},"8":{"start":{"line":15,"column":8},"end":{"line":15,"column":89}},"9":{"start":{"line":15,"column":35},"end":{"line":15,"column":89}},"10":{"start":{"line":17,"column":8},"end":{"line":17,"column":54}},"11":{"start":{"line":20,"column":27},"end":{"line":20,"column":50}},"12":{"start":{"line":21,"column":8},"end":{"line":23,"column":9}},"13":{"start":{"line":22,"column":12},"end":{"line":22,"column":69}},"14":{"start":{"line":24,"column":8},"end":{"line":26,"column":9}},"15":{"start":{"line":27,"column":8},"end":{"line":27,"column":14}},"16":{"start":{"line":29,"column":8},"end":{"line":29,"column":48}},"17":{"start":{"line":30,"column":8},"end":{"line":30,"column":20}},"18":{"start":{"line":34,"column":0},"end":{"line":34,"column":32}}},"fnMap":{"0":{"name":"authentication","decl":{"start":{"line":4,"column":15},"end":{"line":4,"column":29}},"loc":{"start":{"line":4,"column":46},"end":{"line":32,"column":1}},"line":4}},"branchMap":{"0":{"loc":{"start":{"line":7,"column":8},"end":{"line":9,"column":9}},"type":"if","locations":[{"start":{"line":7,"column":8},"end":{"line":9,"column":9}},{"start":{},"end":{}}],"line":7},"1":{"loc":{"start":{"line":15,"column":8},"end":{"line":15,"column":89}},"type":"if","locations":[{"start":{"line":15,"column":8},"end":{"line":15,"column":89}},{"start":{},"end":{}}],"line":15},"2":{"loc":{"start":{"line":21,"column":8},"end":{"line":23,"column":9}},"type":"if","locations":[{"start":{"line":21,"column":8},"end":{"line":23,"column":9}},{"start":{},"end":{}}],"line":21}},"s":{"0":3,"1":13,"2":13,"3":13,"4":3,"5":10,"6":10,"7":10,"8":10,"9":1,"10":9,"11":9,"12":8,"13":0,"14":8,"15":8,"16":5,"17":5,"18":3},"f":{"0":13},"b":{"0":[3,10],"1":[1,9],"2":[0,8]},"_coverageSchema":"1a1c01bbd47fc00a2c39e90264f33305004495a9","hash":"e01b5900f6ce388c4456e29c67481e1e78a61712"}
,"C:\\Users\\hp\\OneDrive\\Documents\\hacktiv8\\p2\\individual-project\\IP-ABIGAIL\\server\\middlewares\\errorHandler.js": {"path":"C:\\Users\\hp\\OneDrive\\Documents\\hacktiv8\\p2\\individual-project\\IP-ABIGAIL\\server\\middlewares\\errorHandler.js","statementMap":{"0":{"start":{"line":2,"column":4},"end":{"line":2,"column":49}},"1":{"start":{"line":3,"column":4},"end":{"line":5,"column":5}},"2":{"start":{"line":4,"column":8},"end":{"line":4,"column":62}},"3":{"start":{"line":7,"column":4},"end":{"line":9,"column":5}},"4":{"start":{"line":8,"column":8},"end":{"line":8,"column":62}},"5":{"start":{"line":11,"column":4},"end":{"line":13,"column":5}},"6":{"start":{"line":12,"column":8},"end":{"line":12,"column":62}},"7":{"start":{"line":15,"column":4},"end":{"line":17,"column":5}},"8":{"start":{"line":16,"column":8},"end":{"line":16,"column":72}},"9":{"start":{"line":19,"column":4},"end":{"line":21,"column":5}},"10":{"start":{"line":20,"column":8},"end":{"line":20,"column":66}},"11":{"start":{"line":23,"column":2},"end":{"line":23,"column":68}},"12":{"start":{"line":26,"column":0},"end":{"line":26,"column":30}}},"fnMap":{"0":{"name":"errorHandler","decl":{"start":{"line":1,"column":9},"end":{"line":1,"column":21}},"loc":{"start":{"line":1,"column":43},"end":{"line":24,"column":1}},"line":1}},"branchMap":{"0":{"loc":{"start":{"line":3,"column":4},"end":{"line":5,"column":5}},"type":"if","locations":[{"start":{"line":3,"column":4},"end":{"line":5,"column":5}},{"start":{},"end":{}}],"line":3},"1":{"loc":{"start":{"line":7,"column":4},"end":{"line":9,"column":5}},"type":"if","locations":[{"start":{"line":7,"column":4},"end":{"line":9,"column":5}},{"start":{},"end":{}}],"line":7},"2":{"loc":{"start":{"line":11,"column":4},"end":{"line":13,"column":5}},"type":"if","locations":[{"start":{"line":11,"column":4},"end":{"line":13,"column":5}},{"start":{},"end":{}}],"line":11},"3":{"loc":{"start":{"line":15,"column":4},"end":{"line":17,"column":5}},"type":"if","locations":[{"start":{"line":15,"column":4},"end":{"line":17,"column":5}},{"start":{},"end":{}}],"line":15},"4":{"loc":{"start":{"line":19,"column":4},"end":{"line":21,"column":5}},"type":"if","locations":[{"start":{"line":19,"column":4},"end":{"line":21,"column":5}},{"start":{},"end":{}}],"line":19}},"s":{"0":19,"1":19,"2":5,"3":14,"4":6,"5":8,"6":5,"7":3,"8":1,"9":2,"10":1,"11":1,"12":3},"f":{"0":19},"b":{"0":[5,14],"1":[6,8],"2":[5,3],"3":[1,2],"4":[1,1]},"_coverageSchema":"1a1c01bbd47fc00a2c39e90264f33305004495a9","hash":"275018d933fc07e4219af9afc98fcc8486325ea7"}
,"C:\\Users\\hp\\OneDrive\\Documents\\hacktiv8\\p2\\individual-project\\IP-ABIGAIL\\server\\models\\book.js": {"path":"C:\\Users\\hp\\OneDrive\\Documents\\hacktiv8\\p2\\individual-project\\IP-ABIGAIL\\server\\models\\book.js","statementMap":{"0":{"start":{"line":4,"column":4},"end":{"line":4,"column":24}},"1":{"start":{"line":5,"column":0},"end":{"line":79,"column":2}},"2":{"start":{"line":13,"column":6},"end":{"line":13,"column":68}},"3":{"start":{"line":14,"column":6},"end":{"line":14,"column":63}},"4":{"start":{"line":17,"column":2},"end":{"line":71,"column":5}},"5":{"start":{"line":73,"column":2},"end":{"line":77,"column":5}},"6":{"start":{"line":74,"column":4},"end":{"line":76,"column":5}},"7":{"start":{"line":75,"column":6},"end":{"line":75,"column":46}},"8":{"start":{"line":78,"column":2},"end":{"line":78,"column":14}}},"fnMap":{"0":{"name":"(anonymous_0)","decl":{"start":{"line":5,"column":17},"end":{"line":5,"column":18}},"loc":{"start":{"line":5,"column":43},"end":{"line":79,"column":1}},"line":5},"1":{"name":"(anonymous_1)","decl":{"start":{"line":12,"column":4},"end":{"line":12,"column":5}},"loc":{"start":{"line":12,"column":29},"end":{"line":15,"column":5}},"line":12},"2":{"name":"(anonymous_2)","decl":{"start":{"line":73,"column":33},"end":{"line":73,"column":34}},"loc":{"start":{"line":73,"column":43},"end":{"line":77,"column":3}},"line":73}},"branchMap":{"0":{"loc":{"start":{"line":74,"column":4},"end":{"line":76,"column":5}},"type":"if","locations":[{"start":{"line":74,"column":4},"end":{"line":76,"column":5}},{"start":{},"end":{}}],"line":74}},"s":{"0":3,"1":3,"2":3,"3":3,"4":3,"5":3,"6":3,"7":0,"8":3},"f":{"0":3,"1":3,"2":3},"b":{"0":[0,3]},"_coverageSchema":"1a1c01bbd47fc00a2c39e90264f33305004495a9","hash":"791110e66240e5ab959ed89194756d67fec0d4ea"}
,"C:\\Users\\hp\\OneDrive\\Documents\\hacktiv8\\p2\\individual-project\\IP-ABIGAIL\\server\\models\\category.js": {"path":"C:\\Users\\hp\\OneDrive\\Documents\\hacktiv8\\p2\\individual-project\\IP-ABIGAIL\\server\\models\\category.js","statementMap":{"0":{"start":{"line":4,"column":4},"end":{"line":4,"column":24}},"1":{"start":{"line":5,"column":0},"end":{"line":47,"column":2}},"2":{"start":{"line":13,"column":6},"end":{"line":13,"column":84}},"3":{"start":{"line":14,"column":6},"end":{"line":14,"column":66}},"4":{"start":{"line":17,"column":2},"end":{"line":45,"column":5}},"5":{"start":{"line":46,"column":2},"end":{"line":46,"column":18}}},"fnMap":{"0":{"name":"(anonymous_0)","decl":{"start":{"line":5,"column":17},"end":{"line":5,"column":18}},"loc":{"start":{"line":5,"column":43},"end":{"line":47,"column":1}},"line":5},"1":{"name":"(anonymous_1)","decl":{"start":{"line":12,"column":4},"end":{"line":12,"column":5}},"loc":{"start":{"line":12,"column":29},"end":{"line":15,"column":5}},"line":12}},"branchMap":{},"s":{"0":3,"1":3,"2":3,"3":3,"4":3,"5":3},"f":{"0":3,"1":3},"b":{},"_coverageSchema":"1a1c01bbd47fc00a2c39e90264f33305004495a9","hash":"dacff53a51dd1bee79975410b1cdfe8a9842ea4f"}
,"C:\\Users\\hp\\OneDrive\\Documents\\hacktiv8\\p2\\individual-project\\IP-ABIGAIL\\server\\models\\categoryheader.js": {"path":"C:\\Users\\hp\\OneDrive\\Documents\\hacktiv8\\p2\\individual-project\\IP-ABIGAIL\\server\\models\\categoryheader.js","statementMap":{"0":{"start":{"line":4,"column":4},"end":{"line":4,"column":24}},"1":{"start":{"line":5,"column":0},"end":{"line":23,"column":2}},"2":{"start":{"line":13,"column":6},"end":{"line":13,"column":82}},"3":{"start":{"line":16,"column":2},"end":{"line":21,"column":5}},"4":{"start":{"line":22,"column":2},"end":{"line":22,"column":24}}},"fnMap":{"0":{"name":"(anonymous_0)","decl":{"start":{"line":5,"column":17},"end":{"line":5,"column":18}},"loc":{"start":{"line":5,"column":43},"end":{"line":23,"column":1}},"line":5},"1":{"name":"(anonymous_1)","decl":{"start":{"line":12,"column":4},"end":{"line":12,"column":5}},"loc":{"start":{"line":12,"column":29},"end":{"line":14,"column":5}},"line":12}},"branchMap":{},"s":{"0":3,"1":3,"2":3,"3":3,"4":3},"f":{"0":3,"1":3},"b":{},"_coverageSchema":"1a1c01bbd47fc00a2c39e90264f33305004495a9","hash":"80a932de4d45d5cd5cd3009083cdf8d88f10f167"}
,"C:\\Users\\hp\\OneDrive\\Documents\\hacktiv8\\p2\\individual-project\\IP-ABIGAIL\\server\\models\\index.js": {"path":"C:\\Users\\hp\\OneDrive\\Documents\\hacktiv8\\p2\\individual-project\\IP-ABIGAIL\\server\\models\\index.js","statementMap":{"0":{"start":{"line":3,"column":11},"end":{"line":3,"column":24}},"1":{"start":{"line":4,"column":13},"end":{"line":4,"column":28}},"2":{"start":{"line":5,"column":18},"end":{"line":5,"column":38}},"3":{"start":{"line":6,"column":16},"end":{"line":6,"column":34}},"4":{"start":{"line":7,"column":17},"end":{"line":7,"column":42}},"5":{"start":{"line":8,"column":12},"end":{"line":8,"column":49}},"6":{"start":{"line":9,"column":15},"end":{"line":9,"column":65}},"7":{"start":{"line":10,"column":11},"end":{"line":10,"column":13}},"8":{"start":{"line":13,"column":0},"end":{"line":17,"column":1}},"9":{"start":{"line":14,"column":2},"end":{"line":14,"column":74}},"10":{"start":{"line":16,"column":2},"end":{"line":16,"column":87}},"11":{"start":{"line":19,"column":0},"end":{"line":32,"column":5}},"12":{"start":{"line":22,"column":4},"end":{"line":27,"column":6}},"13":{"start":{"line":30,"column":18},"end":{"line":30,"column":85}},"14":{"start":{"line":31,"column":4},"end":{"line":31,"column":27}},"15":{"start":{"line":34,"column":0},"end":{"line":38,"column":3}},"16":{"start":{"line":35,"column":2},"end":{"line":37,"column":3}},"17":{"start":{"line":36,"column":4},"end":{"line":36,"column":32}},"18":{"start":{"line":40,"column":0},"end":{"line":40,"column":25}},"19":{"start":{"line":41,"column":0},"end":{"line":41,"column":25}},"20":{"start":{"line":43,"column":0},"end":{"line":43,"column":20}}},"fnMap":{"0":{"name":"(anonymous_0)","decl":{"start":{"line":21,"column":10},"end":{"line":21,"column":11}},"loc":{"start":{"line":21,"column":18},"end":{"line":28,"column":3}},"line":21},"1":{"name":"(anonymous_1)","decl":{"start":{"line":29,"column":11},"end":{"line":29,"column":12}},"loc":{"start":{"line":29,"column":19},"end":{"line":32,"column":3}},"line":29},"2":{"name":"(anonymous_2)","decl":{"start":{"line":34,"column":24},"end":{"line":34,"column":25}},"loc":{"start":{"line":34,"column":37},"end":{"line":38,"column":1}},"line":34}},"branchMap":{"0":{"loc":{"start":{"line":8,"column":12},"end":{"line":8,"column":49}},"type":"binary-expr","locations":[{"start":{"line":8,"column":12},"end":{"line":8,"column":32}},{"start":{"line":8,"column":36},"end":{"line":8,"column":49}}],"line":8},"1":{"loc":{"start":{"line":13,"column":0},"end":{"line":17,"column":1}},"type":"if","locations":[{"start":{"line":13,"column":0},"end":{"line":17,"column":1}},{"start":{"line":15,"column":7},"end":{"line":17,"column":1}}],"line":13},"2":{"loc":{"start":{"line":23,"column":6},"end":{"line":26,"column":37}},"type":"binary-expr","locations":[{"start":{"line":23,"column":6},"end":{"line":23,"column":29}},{"start":{"line":24,"column":6},"end":{"line":24,"column":23}},{"start":{"line":25,"column":6},"end":{"line":25,"column":30}},{"start":{"line":26,"column":6},"end":{"line":26,"column":37}}],"line":23},"3":{"loc":{"start":{"line":35,"column":2},"end":{"line":37,"column":3}},"type":"if","locations":[{"start":{"line":35,"column":2},"end":{"line":37,"column":3}},{"start":{},"end":{}}],"line":35}},"s":{"0":3,"1":3,"2":3,"3":3,"4":3,"5":3,"6":3,"7":3,"8":3,"9":0,"10":3,"11":3,"12":18,"13":15,"14":15,"15":3,"16":15,"17":15,"18":3,"19":3,"20":3},"f":{"0":18,"1":15,"2":15},"b":{"0":[3,0],"1":[0,3],"2":[18,18,15,15],"3":[15,0]},"_coverageSchema":"1a1c01bbd47fc00a2c39e90264f33305004495a9","hash":"572f9e330340150125776f0e60b78b5f7147af3c"}
,"C:\\Users\\hp\\OneDrive\\Documents\\hacktiv8\\p2\\individual-project\\IP-ABIGAIL\\server\\models\\ownedbook.js": {"path":"C:\\Users\\hp\\OneDrive\\Documents\\hacktiv8\\p2\\individual-project\\IP-ABIGAIL\\server\\models\\ownedbook.js","statementMap":{"0":{"start":{"line":4,"column":4},"end":{"line":4,"column":24}},"1":{"start":{"line":5,"column":0},"end":{"line":52,"column":2}},"2":{"start":{"line":13,"column":6},"end":{"line":13,"column":65}},"3":{"start":{"line":14,"column":6},"end":{"line":14,"column":65}},"4":{"start":{"line":17,"column":2},"end":{"line":50,"column":5}},"5":{"start":{"line":51,"column":2},"end":{"line":51,"column":19}}},"fnMap":{"0":{"name":"(anonymous_0)","decl":{"start":{"line":5,"column":17},"end":{"line":5,"column":18}},"loc":{"start":{"line":5,"column":43},"end":{"line":52,"column":1}},"line":5},"1":{"name":"(anonymous_1)","decl":{"start":{"line":12,"column":4},"end":{"line":12,"column":5}},"loc":{"start":{"line":12,"column":29},"end":{"line":15,"column":5}},"line":12}},"branchMap":{},"s":{"0":3,"1":3,"2":3,"3":3,"4":3,"5":3},"f":{"0":3,"1":3},"b":{},"_coverageSchema":"1a1c01bbd47fc00a2c39e90264f33305004495a9","hash":"a1f99fc666f18987fd2892346d821121663fa7ac"}
,"C:\\Users\\hp\\OneDrive\\Documents\\hacktiv8\\p2\\individual-project\\IP-ABIGAIL\\server\\models\\user.js": {"path":"C:\\Users\\hp\\OneDrive\\Documents\\hacktiv8\\p2\\individual-project\\IP-ABIGAIL\\server\\models\\user.js","statementMap":{"0":{"start":{"line":3,"column":15},"end":{"line":3,"column":34}},"1":{"start":{"line":6,"column":4},"end":{"line":6,"column":24}},"2":{"start":{"line":7,"column":0},"end":{"line":75,"column":2}},"3":{"start":{"line":15,"column":6},"end":{"line":15,"column":63}},"4":{"start":{"line":18,"column":2},"end":{"line":67,"column":5}},"5":{"start":{"line":33,"column":23},"end":{"line":33,"column":70}},"6":{"start":{"line":34,"column":10},"end":{"line":36,"column":11}},"7":{"start":{"line":35,"column":12},"end":{"line":35,"column":52}},"8":{"start":{"line":69,"column":2},"end":{"line":72,"column":4}},"9":{"start":{"line":70,"column":15},"end":{"line":70,"column":37}},"10":{"start":{"line":71,"column":4},"end":{"line":71,"column":56}},"11":{"start":{"line":74,"column":2},"end":{"line":74,"column":14}}},"fnMap":{"0":{"name":"(anonymous_0)","decl":{"start":{"line":7,"column":17},"end":{"line":7,"column":18}},"loc":{"start":{"line":7,"column":43},"end":{"line":75,"column":1}},"line":7},"1":{"name":"(anonymous_1)","decl":{"start":{"line":14,"column":4},"end":{"line":14,"column":5}},"loc":{"start":{"line":14,"column":29},"end":{"line":16,"column":5}},"line":14},"2":{"name":"(anonymous_2)","decl":{"start":{"line":32,"column":18},"end":{"line":32,"column":19}},"loc":{"start":{"line":32,"column":35},"end":{"line":37,"column":9}},"line":32},"3":{"name":"(anonymous_3)","decl":{"start":{"line":69,"column":31},"end":{"line":69,"column":32}},"loc":{"start":{"line":69,"column":50},"end":{"line":72,"column":3}},"line":69}},"branchMap":{"0":{"loc":{"start":{"line":34,"column":10},"end":{"line":36,"column":11}},"type":"if","locations":[{"start":{"line":34,"column":10},"end":{"line":36,"column":11}},{"start":{},"end":{}}],"line":34}},"s":{"0":3,"1":3,"2":3,"3":3,"4":3,"5":5,"6":5,"7":1,"8":3,"9":4,"10":4,"11":3},"f":{"0":3,"1":3,"2":5,"3":4},"b":{"0":[1,4]},"_coverageSchema":"1a1c01bbd47fc00a2c39e90264f33305004495a9","hash":"39dc5beff2ff5fbb338365eadfa35c8d6ddb34ce"}
,"C:\\Users\\hp\\OneDrive\\Documents\\hacktiv8\\p2\\individual-project\\IP-ABIGAIL\\server\\routers\\index.js": {"path":"C:\\Users\\hp\\OneDrive\\Documents\\hacktiv8\\p2\\individual-project\\IP-ABIGAIL\\server\\routers\\index.js","statementMap":{"0":{"start":{"line":2,"column":16},"end":{"line":2,"column":34}},"1":{"start":{"line":3,"column":15},"end":{"line":3,"column":31}},"2":{"start":{"line":4,"column":19},"end":{"line":4,"column":58}},"3":{"start":{"line":5,"column":23},"end":{"line":5,"column":66}},"4":{"start":{"line":8,"column":0},"end":{"line":8,"column":36}},"5":{"start":{"line":11,"column":0},"end":{"line":11,"column":62}},"6":{"start":{"line":14,"column":0},"end":{"line":14,"column":50}},"7":{"start":{"line":17,"column":0},"end":{"line":17,"column":64}},"8":{"start":{"line":20,"column":0},"end":{"line":20,"column":44}},"9":{"start":{"line":23,"column":0},"end":{"line":23,"column":50}},"10":{"start":{"line":26,"column":0},"end":{"line":26,"column":49}},"11":{"start":{"line":29,"column":0},"end":{"line":29,"column":77}},"12":{"start":{"line":32,"column":0},"end":{"line":32,"column":74}},"13":{"start":{"line":35,"column":0},"end":{"line":35,"column":68}},"14":{"start":{"line":38,"column":0},"end":{"line":38,"column":77}},"15":{"start":{"line":39,"column":0},"end":{"line":39,"column":24}}},"fnMap":{},"branchMap":{},"s":{"0":3,"1":3,"2":3,"3":3,"4":3,"5":3,"6":3,"7":3,"8":3,"9":3,"10":3,"11":3,"12":3,"13":3,"14":3,"15":3},"f":{},"b":{},"_coverageSchema":"1a1c01bbd47fc00a2c39e90264f33305004495a9","hash":"b4c828336caa44e2814e2a4d2e799f330d28f3a2"}
}
