{"C:\\Users\\hp\\OneDrive\\Documents\\hacktiv8\\p2\\individual-project\\IP-ABIGAIL\\server\\app.js": {"path":"C:\\Users\\hp\\OneDrive\\Documents\\hacktiv8\\p2\\individual-project\\IP-ABIGAIL\\server\\app.js","statementMap":{"0":{"start":{"line":2,"column":0},"end":{"line":2,"column":26}},"1":{"start":{"line":3,"column":16},"end":{"line":3,"column":34}},"2":{"start":{"line":4,"column":13},"end":{"line":4,"column":28}},"3":{"start":{"line":5,"column":12},"end":{"line":5,"column":21}},"4":{"start":{"line":6,"column":21},"end":{"line":6,"column":61}},"5":{"start":{"line":7,"column":0},"end":{"line":7,"column":48}},"6":{"start":{"line":9,"column":0},"end":{"line":9,"column":24}},"7":{"start":{"line":10,"column":0},"end":{"line":10,"column":16}},"8":{"start":{"line":11,"column":15},"end":{"line":11,"column":44}},"9":{"start":{"line":13,"column":0},"end":{"line":13,"column":21}},"10":{"start":{"line":14,"column":0},"end":{"line":14,"column":21}},"11":{"start":{"line":16,"column":0},"end":{"line":16,"column":21}}},"fnMap":{},"branchMap":{},"s":{"0":4,"1":4,"2":4,"3":4,"4":4,"5":4,"6":4,"7":4,"8":4,"9":4,"10":4,"11":4},"f":{},"b":{},"_coverageSchema":"1a1c01bbd47fc00a2c39e90264f33305004495a9","hash":"f18011f6d6112a0d27d62478603b6646756c4877"}
,"C:\\Users\\hp\\OneDrive\\Documents\\hacktiv8\\p2\\individual-project\\IP-ABIGAIL\\server\\controllers\\controller.js": {"path":"C:\\Users\\hp\\OneDrive\\Documents\\hacktiv8\\p2\\individual-project\\IP-ABIGAIL\\server\\controllers\\controller.js","statementMap":{"0":{"start":{"line":1,"column":14},"end":{"line":1,"column":30}},"1":{"start":{"line":2,"column":15},"end":{"line":2,"column":34}},"2":{"start":{"line":3,"column":23},"end":{"line":3,"column":53}},"3":{"start":{"line":4,"column":15},"end":{"line":4,"column":33}},"4":{"start":{"line":11,"column":4},"end":{"line":11,"column":24}},"5":{"start":{"line":12,"column":35},"end":{"line":12,"column":71}},"6":{"start":{"line":13,"column":40},"end":{"line":13,"column":70}},"7":{"start":{"line":16,"column":4},"end":{"line":28,"column":5}},"8":{"start":{"line":17,"column":29},"end":{"line":23,"column":8}},"9":{"start":{"line":25,"column":6},"end":{"line":25,"column":45}},"10":{"start":{"line":27,"column":6},"end":{"line":27,"column":18}},"11":{"start":{"line":32,"column":4},"end":{"line":39,"column":5}},"12":{"start":{"line":33,"column":23},"end":{"line":35,"column":8}},"13":{"start":{"line":36,"column":6},"end":{"line":36,"column":39}},"14":{"start":{"line":38,"column":6},"end":{"line":38,"column":18}},"15":{"start":{"line":43,"column":4},"end":{"line":61,"column":5}},"16":{"start":{"line":44,"column":23},"end":{"line":44,"column":33}},"17":{"start":{"line":45,"column":25},"end":{"line":50,"column":10}},"18":{"start":{"line":51,"column":8},"end":{"line":56,"column":9}},"19":{"start":{"line":52,"column":12},"end":{"line":55,"column":14}},"20":{"start":{"line":57,"column":8},"end":{"line":57,"column":49}},"21":{"start":{"line":58,"column":8},"end":{"line":58,"column":39}},"22":{"start":{"line":60,"column":8},"end":{"line":60,"column":19}},"23":{"start":{"line":65,"column":4},"end":{"line":85,"column":5}},"24":{"start":{"line":66,"column":34},"end":{"line":66,"column":42}},"25":{"start":{"line":67,"column":6},"end":{"line":71,"column":10}},"26":{"start":{"line":68,"column":8},"end":{"line":71,"column":10}},"27":{"start":{"line":73,"column":19},"end":{"line":77,"column":8}},"28":{"start":{"line":78,"column":6},"end":{"line":78,"column":82}},"29":{"start":{"line":78,"column":16},"end":{"line":78,"column":82}},"30":{"start":{"line":79,"column":22},"end":{"line":79,"column":65}},"31":{"start":{"line":80,"column":6},"end":{"line":80,"column":86}},"32":{"start":{"line":80,"column":20},"end":{"line":80,"column":86}},"33":{"start":{"line":81,"column":27},"end":{"line":81,"column":51}},"34":{"start":{"line":82,"column":6},"end":{"line":82,"column":52}},"35":{"start":{"line":84,"column":6},"end":{"line":84,"column":18}},"36":{"start":{"line":89,"column":8},"end":{"line":114,"column":9}},"37":{"start":{"line":90,"column":46},"end":{"line":90,"column":54}},"38":{"start":{"line":91,"column":8},"end":{"line":95,"column":14}},"39":{"start":{"line":92,"column":12},"end":{"line":95,"column":14}},"40":{"start":{"line":97,"column":21},"end":{"line":101,"column":10}},"41":{"start":{"line":103,"column":21},"end":{"line":109,"column":14}},"42":{"start":{"line":110,"column":8},"end":{"line":110,"column":42}},"43":{"start":{"line":112,"column":12},"end":{"line":112,"column":30}},"44":{"start":{"line":113,"column":8},"end":{"line":113,"column":20}},"45":{"start":{"line":118,"column":6},"end":{"line":141,"column":7}},"46":{"start":{"line":119,"column":32},"end":{"line":119,"column":40}},"47":{"start":{"line":120,"column":8},"end":{"line":120,"column":91}},"48":{"start":{"line":120,"column":26},"end":{"line":120,"column":91}},"49":{"start":{"line":122,"column":23},"end":{"line":125,"column":10}},"50":{"start":{"line":126,"column":24},"end":{"line":126,"column":43}},"51":{"start":{"line":128,"column":23},"end":{"line":134,"column":10}},"52":{"start":{"line":137,"column":29},"end":{"line":137,"column":55}},"53":{"start":{"line":138,"column":8},"end":{"line":138,"column":46}},"54":{"start":{"line":140,"column":8},"end":{"line":140,"column":18}},"55":{"start":{"line":145,"column":8},"end":{"line":163,"column":9}},"56":{"start":{"line":146,"column":27},"end":{"line":146,"column":37}},"57":{"start":{"line":147,"column":25},"end":{"line":152,"column":14}},"58":{"start":{"line":153,"column":12},"end":{"line":158,"column":13}},"59":{"start":{"line":154,"column":16},"end":{"line":157,"column":18}},"60":{"start":{"line":159,"column":12},"end":{"line":159,"column":39}},"61":{"start":{"line":161,"column":12},"end":{"line":161,"column":30}},"62":{"start":{"line":162,"column":12},"end":{"line":162,"column":24}},"63":{"start":{"line":167,"column":8},"end":{"line":180,"column":9}},"64":{"start":{"line":168,"column":10},"end":{"line":168,"column":31}},"65":{"start":{"line":169,"column":31},"end":{"line":169,"column":41}},"66":{"start":{"line":170,"column":25},"end":{"line":170,"column":52}},"67":{"start":{"line":171,"column":12},"end":{"line":171,"column":77}},"68":{"start":{"line":171,"column":23},"end":{"line":171,"column":77}},"69":{"start":{"line":172,"column":30},"end":{"line":175,"column":14}},"70":{"start":{"line":176,"column":12},"end":{"line":176,"column":44}},"71":{"start":{"line":178,"column":12},"end":{"line":178,"column":61}},"72":{"start":{"line":179,"column":12},"end":{"line":179,"column":24}},"73":{"start":{"line":184,"column":8},"end":{"line":203,"column":9}},"74":{"start":{"line":185,"column":27},"end":{"line":185,"column":37}},"75":{"start":{"line":186,"column":31},"end":{"line":186,"column":39}},"76":{"start":{"line":187,"column":12},"end":{"line":187,"column":85}},"77":{"start":{"line":187,"column":25},"end":{"line":187,"column":85}},"78":{"start":{"line":188,"column":12},"end":{"line":195,"column":13}},"79":{"start":{"line":197,"column":30},"end":{"line":197,"column":58}},"80":{"start":{"line":198,"column":12},"end":{"line":198,"column":87}},"81":{"start":{"line":198,"column":27},"end":{"line":198,"column":87}},"82":{"start":{"line":199,"column":12},"end":{"line":199,"column":44}},"83":{"start":{"line":201,"column":12},"end":{"line":201,"column":30}},"84":{"start":{"line":202,"column":12},"end":{"line":202,"column":24}},"85":{"start":{"line":207,"column":8},"end":{"line":221,"column":9}},"86":{"start":{"line":208,"column":31},"end":{"line":216,"column":14}},"87":{"start":{"line":217,"column":12},"end":{"line":217,"column":45}},"88":{"start":{"line":219,"column":12},"end":{"line":219,"column":30}},"89":{"start":{"line":220,"column":12},"end":{"line":220,"column":24}},"90":{"start":{"line":225,"column":8},"end":{"line":238,"column":9}},"91":{"start":{"line":226,"column":27},"end":{"line":226,"column":37}},"92":{"start":{"line":227,"column":30},"end":{"line":227,"column":58}},"93":{"start":{"line":228,"column":12},"end":{"line":228,"column":88}},"94":{"start":{"line":228,"column":28},"end":{"line":228,"column":88}},"95":{"start":{"line":229,"column":12},"end":{"line":233,"column":14}},"96":{"start":{"line":234,"column":12},"end":{"line":234,"column":73}},"97":{"start":{"line":236,"column":12},"end":{"line":236,"column":30}},"98":{"start":{"line":237,"column":12},"end":{"line":237,"column":24}},"99":{"start":{"line":242,"column":8},"end":{"line":264,"column":9}},"100":{"start":{"line":243,"column":31},"end":{"line":255,"column":14}},"101":{"start":{"line":256,"column":12},"end":{"line":258,"column":13}},"102":{"start":{"line":257,"column":16},"end":{"line":257,"column":48}},"103":{"start":{"line":259,"column":36},"end":{"line":259,"column":81}},"104":{"start":{"line":260,"column":12},"end":{"line":260,"column":50}},"105":{"start":{"line":262,"column":12},"end":{"line":262,"column":30}},"106":{"start":{"line":263,"column":12},"end":{"line":263,"column":24}},"107":{"start":{"line":268,"column":0},"end":{"line":268,"column":28}}},"fnMap":{"0":{"name":"(anonymous_0)","decl":{"start":{"line":15,"column":2},"end":{"line":15,"column":3}},"loc":{"start":{"line":15,"column":50},"end":{"line":29,"column":3}},"line":15},"1":{"name":"(anonymous_1)","decl":{"start":{"line":31,"column":2},"end":{"line":31,"column":3}},"loc":{"start":{"line":31,"column":43},"end":{"line":40,"column":3}},"line":31},"2":{"name":"(anonymous_2)","decl":{"start":{"line":42,"column":2},"end":{"line":42,"column":3}},"loc":{"start":{"line":42,"column":46},"end":{"line":62,"column":3}},"line":42},"3":{"name":"(anonymous_3)","decl":{"start":{"line":64,"column":2},"end":{"line":64,"column":3}},"loc":{"start":{"line":64,"column":41},"end":{"line":86,"column":3}},"line":64},"4":{"name":"(anonymous_4)","decl":{"start":{"line":88,"column":4},"end":{"line":88,"column":5}},"loc":{"start":{"line":88,"column":46},"end":{"line":115,"column":5}},"line":88},"5":{"name":"(anonymous_5)","decl":{"start":{"line":117,"column":4},"end":{"line":117,"column":5}},"loc":{"start":{"line":117,"column":45},"end":{"line":142,"column":5}},"line":117},"6":{"name":"(anonymous_6)","decl":{"start":{"line":144,"column":4},"end":{"line":144,"column":5}},"loc":{"start":{"line":144,"column":45},"end":{"line":164,"column":5}},"line":144},"7":{"name":"(anonymous_7)","decl":{"start":{"line":166,"column":4},"end":{"line":166,"column":5}},"loc":{"start":{"line":166,"column":47},"end":{"line":181,"column":5}},"line":166},"8":{"name":"(anonymous_8)","decl":{"start":{"line":183,"column":4},"end":{"line":183,"column":5}},"loc":{"start":{"line":183,"column":49},"end":{"line":204,"column":5}},"line":183},"9":{"name":"(anonymous_9)","decl":{"start":{"line":206,"column":4},"end":{"line":206,"column":5}},"loc":{"start":{"line":206,"column":47},"end":{"line":222,"column":5}},"line":206},"10":{"name":"(anonymous_10)","decl":{"start":{"line":224,"column":4},"end":{"line":224,"column":5}},"loc":{"start":{"line":224,"column":49},"end":{"line":239,"column":5}},"line":224},"11":{"name":"(anonymous_11)","decl":{"start":{"line":241,"column":4},"end":{"line":241,"column":5}},"loc":{"start":{"line":241,"column":52},"end":{"line":265,"column":5}},"line":241}},"branchMap":{"0":{"loc":{"start":{"line":51,"column":8},"end":{"line":56,"column":9}},"type":"if","locations":[{"start":{"line":51,"column":8},"end":{"line":56,"column":9}},{"start":{},"end":{}}],"line":51},"1":{"loc":{"start":{"line":67,"column":6},"end":{"line":71,"column":10}},"type":"if","locations":[{"start":{"line":67,"column":6},"end":{"line":71,"column":10}},{"start":{},"end":{}}],"line":67},"2":{"loc":{"start":{"line":67,"column":10},"end":{"line":67,"column":29}},"type":"binary-expr","locations":[{"start":{"line":67,"column":10},"end":{"line":67,"column":16}},{"start":{"line":67,"column":20},"end":{"line":67,"column":29}}],"line":67},"3":{"loc":{"start":{"line":78,"column":6},"end":{"line":78,"column":82}},"type":"if","locations":[{"start":{"line":78,"column":6},"end":{"line":78,"column":82}},{"start":{},"end":{}}],"line":78},"4":{"loc":{"start":{"line":80,"column":6},"end":{"line":80,"column":86}},"type":"if","locations":[{"start":{"line":80,"column":6},"end":{"line":80,"column":86}},{"start":{},"end":{}}],"line":80},"5":{"loc":{"start":{"line":91,"column":8},"end":{"line":95,"column":14}},"type":"if","locations":[{"start":{"line":91,"column":8},"end":{"line":95,"column":14}},{"start":{},"end":{}}],"line":91},"6":{"loc":{"start":{"line":91,"column":12},"end":{"line":91,"column":31}},"type":"binary-expr","locations":[{"start":{"line":91,"column":12},"end":{"line":91,"column":18}},{"start":{"line":91,"column":22},"end":{"line":91,"column":31}}],"line":91},"7":{"loc":{"start":{"line":120,"column":8},"end":{"line":120,"column":91}},"type":"if","locations":[{"start":{"line":120,"column":8},"end":{"line":120,"column":91}},{"start":{},"end":{}}],"line":120},"8":{"loc":{"start":{"line":153,"column":12},"end":{"line":158,"column":13}},"type":"if","locations":[{"start":{"line":153,"column":12},"end":{"line":158,"column":13}},{"start":{},"end":{}}],"line":153},"9":{"loc":{"start":{"line":171,"column":12},"end":{"line":171,"column":77}},"type":"if","locations":[{"start":{"line":171,"column":12},"end":{"line":171,"column":77}},{"start":{},"end":{}}],"line":171},"10":{"loc":{"start":{"line":187,"column":12},"end":{"line":187,"column":85}},"type":"if","locations":[{"start":{"line":187,"column":12},"end":{"line":187,"column":85}},{"start":{},"end":{}}],"line":187},"11":{"loc":{"start":{"line":198,"column":12},"end":{"line":198,"column":87}},"type":"if","locations":[{"start":{"line":198,"column":12},"end":{"line":198,"column":87}},{"start":{},"end":{}}],"line":198},"12":{"loc":{"start":{"line":228,"column":12},"end":{"line":228,"column":88}},"type":"if","locations":[{"start":{"line":228,"column":12},"end":{"line":228,"column":88}},{"start":{},"end":{}}],"line":228},"13":{"loc":{"start":{"line":256,"column":12},"end":{"line":258,"column":13}},"type":"if","locations":[{"start":{"line":256,"column":12},"end":{"line":258,"column":13}},{"start":{},"end":{}}],"line":256}},"s":{"0":4,"1":4,"2":4,"3":4,"4":4,"5":4,"6":4,"7":1,"8":1,"9":0,"10":1,"11":1,"12":1,"13":1,"14":0,"15":1,"16":1,"17":1,"18":1,"19":1,"20":0,"21":0,"22":1,"23":5,"24":5,"25":5,"26":2,"27":3,"28":3,"29":1,"30":2,"31":2,"32":1,"33":1,"34":1,"35":4,"36":11,"37":11,"38":11,"39":3,"40":8,"41":2,"42":2,"43":9,"44":9,"45":4,"46":4,"47":4,"48":1,"49":3,"50":2,"51":2,"52":2,"53":2,"54":2,"55":2,"56":2,"57":2,"58":2,"59":2,"60":0,"61":2,"62":2,"63":1,"64":1,"65":1,"66":1,"67":1,"68":1,"69":0,"70":0,"71":1,"72":1,"73":1,"74":1,"75":1,"76":1,"77":0,"78":1,"79":1,"80":1,"81":1,"82":0,"83":1,"84":1,"85":1,"86":1,"87":1,"88":0,"89":0,"90":1,"91":1,"92":1,"93":1,"94":1,"95":0,"96":0,"97":1,"98":1,"99":3,"100":3,"101":2,"102":2,"103":0,"104":0,"105":1,"106":1,"107":4},"f":{"0":1,"1":1,"2":1,"3":5,"4":11,"5":4,"6":2,"7":1,"8":1,"9":1,"10":1,"11":3},"b":{"0":[1,0],"1":[2,3],"2":[5,4],"3":[1,2],"4":[1,1],"5":[3,8],"6":[11,9],"7":[1,3],"8":[2,0],"9":[1,0],"10":[0,1],"11":[1,0],"12":[1,0],"13":[2,0]},"_coverageSchema":"1a1c01bbd47fc00a2c39e90264f33305004495a9","hash":"33b98712f2719088519d54af83a733126d385c69"}
,"C:\\Users\\hp\\OneDrive\\Documents\\hacktiv8\\p2\\individual-project\\IP-ABIGAIL\\server\\helpers\\createToken.js": {"path":"C:\\Users\\hp\\OneDrive\\Documents\\hacktiv8\\p2\\individual-project\\IP-ABIGAIL\\server\\helpers\\createToken.js","statementMap":{"0":{"start":{"line":3,"column":12},"end":{"line":3,"column":35}},"1":{"start":{"line":4,"column":23},"end":{"line":4,"column":34}},"2":{"start":{"line":6,"column":18},"end":{"line":8,"column":1}},"3":{"start":{"line":7,"column":4},"end":{"line":7,"column":37}},"4":{"start":{"line":10,"column":20},"end":{"line":12,"column":1}},"5":{"start":{"line":11,"column":4},"end":{"line":11,"column":39}},"6":{"start":{"line":14,"column":0},"end":{"line":17,"column":1}}},"fnMap":{"0":{"name":"(anonymous_0)","decl":{"start":{"line":6,"column":18},"end":{"line":6,"column":19}},"loc":{"start":{"line":6,"column":28},"end":{"line":8,"column":1}},"line":6},"1":{"name":"(anonymous_1)","decl":{"start":{"line":10,"column":20},"end":{"line":10,"column":21}},"loc":{"start":{"line":10,"column":30},"end":{"line":12,"column":1}},"line":10}},"branchMap":{},"s":{"0":4,"1":4,"2":4,"3":6,"4":4,"5":8,"6":4},"f":{"0":6,"1":8},"b":{},"_coverageSchema":"1a1c01bbd47fc00a2c39e90264f33305004495a9","hash":"611a1a9b53de12d3a15c6a39a7477b21beae6c44"}
,"C:\\Users\\hp\\OneDrive\\Documents\\hacktiv8\\p2\\individual-project\\IP-ABIGAIL\\server\\helpers\\genai.js": {"path":"C:\\Users\\hp\\OneDrive\\Documents\\hacktiv8\\p2\\individual-project\\IP-ABIGAIL\\server\\helpers\\genai.js","statementMap":{"0":{"start":{"line":1,"column":0},"end":{"line":1,"column":27}},"1":{"start":{"line":2,"column":34},"end":{"line":2,"column":58}},"2":{"start":{"line":4,"column":11},"end":{"line":4,"column":66}},"3":{"start":{"line":7,"column":2},"end":{"line":48,"column":3}},"4":{"start":{"line":9,"column":22},"end":{"line":13,"column":7}},"5":{"start":{"line":9,"column":48},"end":{"line":13,"column":5}},"6":{"start":{"line":15,"column":4},"end":{"line":15,"column":49}},"7":{"start":{"line":16,"column":19},"end":{"line":31,"column":96}},"8":{"start":{"line":37,"column":21},"end":{"line":40,"column":16}},"9":{"start":{"line":41,"column":32},"end":{"line":41,"column":80}},"10":{"start":{"line":42,"column":25},"end":{"line":42,"column":50}},"11":{"start":{"line":43,"column":14},"end":{"line":43,"column":58}},"12":{"start":{"line":44,"column":12},"end":{"line":44,"column":25}},"13":{"start":{"line":46,"column":4},"end":{"line":46,"column":62}},"14":{"start":{"line":47,"column":4},"end":{"line":47,"column":16}},"15":{"start":{"line":51,"column":0},"end":{"line":53,"column":2}}},"fnMap":{"0":{"name":"generateBookRecommendations","decl":{"start":{"line":6,"column":15},"end":{"line":6,"column":42}},"loc":{"start":{"line":6,"column":55},"end":{"line":49,"column":1}},"line":6},"1":{"name":"(anonymous_1)","decl":{"start":{"line":9,"column":37},"end":{"line":9,"column":38}},"loc":{"start":{"line":9,"column":48},"end":{"line":13,"column":5}},"line":9}},"branchMap":{},"s":{"0":5,"1":5,"2":5,"3":10,"4":10,"5":10,"6":10,"7":10,"8":10,"9":0,"10":0,"11":0,"12":0,"13":10,"14":10,"15":5},"f":{"0":10,"1":10},"b":{},"_coverageSchema":"1a1c01bbd47fc00a2c39e90264f33305004495a9","hash":"46ed97e48733a6300af91f39f2f29f9184a46cc5"}
,"C:\\Users\\hp\\OneDrive\\Documents\\hacktiv8\\p2\\individual-project\\IP-ABIGAIL\\server\\middlewares\\authentication.js": {"path":"C:\\Users\\hp\\OneDrive\\Documents\\hacktiv8\\p2\\individual-project\\IP-ABIGAIL\\server\\middlewares\\authentication.js","statementMap":{"0":{"start":{"line":2,"column":24},"end":{"line":2,"column":60}},"1":{"start":{"line":5,"column":4},"end":{"line":31,"column":5}},"2":{"start":{"line":6,"column":34},"end":{"line":6,"column":45}},"3":{"start":{"line":7,"column":8},"end":{"line":9,"column":9}},"4":{"start":{"line":8,"column":8},"end":{"line":8,"column":70}},"5":{"start":{"line":11,"column":25},"end":{"line":11,"column":49}},"6":{"start":{"line":12,"column":26},"end":{"line":12,"column":37}},"7":{"start":{"line":13,"column":27},"end":{"line":13,"column":38}},"8":{"start":{"line":15,"column":8},"end":{"line":15,"column":89}},"9":{"start":{"line":15,"column":35},"end":{"line":15,"column":89}},"10":{"start":{"line":17,"column":8},"end":{"line":17,"column":54}},"11":{"start":{"line":20,"column":27},"end":{"line":20,"column":50}},"12":{"start":{"line":21,"column":8},"end":{"line":23,"column":9}},"13":{"start":{"line":22,"column":12},"end":{"line":22,"column":69}},"14":{"start":{"line":24,"column":8},"end":{"line":26,"column":9}},"15":{"start":{"line":27,"column":8},"end":{"line":27,"column":14}},"16":{"start":{"line":29,"column":8},"end":{"line":29,"column":48}},"17":{"start":{"line":30,"column":8},"end":{"line":30,"column":20}},"18":{"start":{"line":34,"column":0},"end":{"line":34,"column":32}}},"fnMap":{"0":{"name":"authentication","decl":{"start":{"line":4,"column":15},"end":{"line":4,"column":29}},"loc":{"start":{"line":4,"column":46},"end":{"line":32,"column":1}},"line":4}},"branchMap":{"0":{"loc":{"start":{"line":7,"column":8},"end":{"line":9,"column":9}},"type":"if","locations":[{"start":{"line":7,"column":8},"end":{"line":9,"column":9}},{"start":{},"end":{}}],"line":7},"1":{"loc":{"start":{"line":15,"column":8},"end":{"line":15,"column":89}},"type":"if","locations":[{"start":{"line":15,"column":8},"end":{"line":15,"column":89}},{"start":{},"end":{}}],"line":15},"2":{"loc":{"start":{"line":21,"column":8},"end":{"line":23,"column":9}},"type":"if","locations":[{"start":{"line":21,"column":8},"end":{"line":23,"column":9}},{"start":{},"end":{}}],"line":21}},"s":{"0":4,"1":18,"2":18,"3":18,"4":5,"5":13,"6":13,"7":13,"8":13,"9":2,"10":11,"11":11,"12":9,"13":2,"14":7,"15":7,"16":11,"17":11,"18":4},"f":{"0":18},"b":{"0":[5,13],"1":[2,11],"2":[2,7]},"_coverageSchema":"1a1c01bbd47fc00a2c39e90264f33305004495a9","hash":"e01b5900f6ce388c4456e29c67481e1e78a61712"}
,"C:\\Users\\hp\\OneDrive\\Documents\\hacktiv8\\p2\\individual-project\\IP-ABIGAIL\\server\\middlewares\\errorHandler.js": {"path":"C:\\Users\\hp\\OneDrive\\Documents\\hacktiv8\\p2\\individual-project\\IP-ABIGAIL\\server\\middlewares\\errorHandler.js","statementMap":{"0":{"start":{"line":2,"column":4},"end":{"line":2,"column":49}},"1":{"start":{"line":3,"column":4},"end":{"line":5,"column":5}},"2":{"start":{"line":4,"column":8},"end":{"line":4,"column":62}},"3":{"start":{"line":7,"column":4},"end":{"line":9,"column":5}},"4":{"start":{"line":8,"column":8},"end":{"line":8,"column":62}},"5":{"start":{"line":11,"column":4},"end":{"line":13,"column":5}},"6":{"start":{"line":12,"column":8},"end":{"line":12,"column":62}},"7":{"start":{"line":15,"column":4},"end":{"line":17,"column":5}},"8":{"start":{"line":16,"column":8},"end":{"line":16,"column":72}},"9":{"start":{"line":19,"column":4},"end":{"line":21,"column":5}},"10":{"start":{"line":20,"column":8},"end":{"line":20,"column":66}},"11":{"start":{"line":23,"column":2},"end":{"line":23,"column":68}},"12":{"start":{"line":26,"column":0},"end":{"line":26,"column":30}}},"fnMap":{"0":{"name":"errorHandler","decl":{"start":{"line":1,"column":9},"end":{"line":1,"column":21}},"loc":{"start":{"line":1,"column":43},"end":{"line":24,"column":1}},"line":1}},"branchMap":{"0":{"loc":{"start":{"line":3,"column":4},"end":{"line":5,"column":5}},"type":"if","locations":[{"start":{"line":3,"column":4},"end":{"line":5,"column":5}},{"start":{},"end":{}}],"line":3},"1":{"loc":{"start":{"line":7,"column":4},"end":{"line":9,"column":5}},"type":"if","locations":[{"start":{"line":7,"column":4},"end":{"line":9,"column":5}},{"start":{},"end":{}}],"line":7},"2":{"loc":{"start":{"line":11,"column":4},"end":{"line":13,"column":5}},"type":"if","locations":[{"start":{"line":11,"column":4},"end":{"line":13,"column":5}},{"start":{},"end":{}}],"line":11},"3":{"loc":{"start":{"line":15,"column":4},"end":{"line":17,"column":5}},"type":"if","locations":[{"start":{"line":15,"column":4},"end":{"line":17,"column":5}},{"start":{},"end":{}}],"line":15},"4":{"loc":{"start":{"line":19,"column":4},"end":{"line":21,"column":5}},"type":"if","locations":[{"start":{"line":19,"column":4},"end":{"line":21,"column":5}},{"start":{},"end":{}}],"line":19}},"s":{"0":34,"1":34,"2":6,"3":28,"4":11,"5":17,"6":6,"7":11,"8":5,"9":6,"10":1,"11":5,"12":4},"f":{"0":34},"b":{"0":[6,28],"1":[11,17],"2":[6,11],"3":[5,6],"4":[1,5]},"_coverageSchema":"1a1c01bbd47fc00a2c39e90264f33305004495a9","hash":"275018d933fc07e4219af9afc98fcc8486325ea7"}
,"C:\\Users\\hp\\OneDrive\\Documents\\hacktiv8\\p2\\individual-project\\IP-ABIGAIL\\server\\models\\book.js": {"path":"C:\\Users\\hp\\OneDrive\\Documents\\hacktiv8\\p2\\individual-project\\IP-ABIGAIL\\server\\models\\book.js","statementMap":{"0":{"start":{"line":4,"column":4},"end":{"line":4,"column":24}},"1":{"start":{"line":5,"column":0},"end":{"line":79,"column":2}},"2":{"start":{"line":13,"column":6},"end":{"line":13,"column":68}},"3":{"start":{"line":14,"column":6},"end":{"line":14,"column":63}},"4":{"start":{"line":17,"column":2},"end":{"line":71,"column":5}},"5":{"start":{"line":73,"column":2},"end":{"line":77,"column":5}},"6":{"start":{"line":74,"column":4},"end":{"line":76,"column":5}},"7":{"start":{"line":75,"column":6},"end":{"line":75,"column":46}},"8":{"start":{"line":78,"column":2},"end":{"line":78,"column":14}}},"fnMap":{"0":{"name":"(anonymous_0)","decl":{"start":{"line":5,"column":17},"end":{"line":5,"column":18}},"loc":{"start":{"line":5,"column":43},"end":{"line":79,"column":1}},"line":5},"1":{"name":"(anonymous_1)","decl":{"start":{"line":12,"column":4},"end":{"line":12,"column":5}},"loc":{"start":{"line":12,"column":29},"end":{"line":15,"column":5}},"line":12},"2":{"name":"(anonymous_2)","decl":{"start":{"line":73,"column":33},"end":{"line":73,"column":34}},"loc":{"start":{"line":73,"column":43},"end":{"line":77,"column":3}},"line":73}},"branchMap":{"0":{"loc":{"start":{"line":74,"column":4},"end":{"line":76,"column":5}},"type":"if","locations":[{"start":{"line":74,"column":4},"end":{"line":76,"column":5}},{"start":{},"end":{}}],"line":74}},"s":{"0":4,"1":4,"2":4,"3":4,"4":4,"5":4,"6":1,"7":0,"8":4},"f":{"0":4,"1":4,"2":1},"b":{"0":[0,1]},"_coverageSchema":"1a1c01bbd47fc00a2c39e90264f33305004495a9","hash":"791110e66240e5ab959ed89194756d67fec0d4ea"}
,"C:\\Users\\hp\\OneDrive\\Documents\\hacktiv8\\p2\\individual-project\\IP-ABIGAIL\\server\\models\\category.js": {"path":"C:\\Users\\hp\\OneDrive\\Documents\\hacktiv8\\p2\\individual-project\\IP-ABIGAIL\\server\\models\\category.js","statementMap":{"0":{"start":{"line":4,"column":4},"end":{"line":4,"column":24}},"1":{"start":{"line":5,"column":0},"end":{"line":47,"column":2}},"2":{"start":{"line":13,"column":6},"end":{"line":13,"column":84}},"3":{"start":{"line":14,"column":6},"end":{"line":14,"column":66}},"4":{"start":{"line":17,"column":2},"end":{"line":45,"column":5}},"5":{"start":{"line":46,"column":2},"end":{"line":46,"column":18}}},"fnMap":{"0":{"name":"(anonymous_0)","decl":{"start":{"line":5,"column":17},"end":{"line":5,"column":18}},"loc":{"start":{"line":5,"column":43},"end":{"line":47,"column":1}},"line":5},"1":{"name":"(anonymous_1)","decl":{"start":{"line":12,"column":4},"end":{"line":12,"column":5}},"loc":{"start":{"line":12,"column":29},"end":{"line":15,"column":5}},"line":12}},"branchMap":{},"s":{"0":4,"1":4,"2":4,"3":4,"4":4,"5":4},"f":{"0":4,"1":4},"b":{},"_coverageSchema":"1a1c01bbd47fc00a2c39e90264f33305004495a9","hash":"dacff53a51dd1bee79975410b1cdfe8a9842ea4f"}
,"C:\\Users\\hp\\OneDrive\\Documents\\hacktiv8\\p2\\individual-project\\IP-ABIGAIL\\server\\models\\categoryheader.js": {"path":"C:\\Users\\hp\\OneDrive\\Documents\\hacktiv8\\p2\\individual-project\\IP-ABIGAIL\\server\\models\\categoryheader.js","statementMap":{"0":{"start":{"line":4,"column":4},"end":{"line":4,"column":24}},"1":{"start":{"line":5,"column":0},"end":{"line":33,"column":2}},"2":{"start":{"line":13,"column":6},"end":{"line":13,"column":82}},"3":{"start":{"line":16,"column":2},"end":{"line":31,"column":5}},"4":{"start":{"line":32,"column":2},"end":{"line":32,"column":24}}},"fnMap":{"0":{"name":"(anonymous_0)","decl":{"start":{"line":5,"column":17},"end":{"line":5,"column":18}},"loc":{"start":{"line":5,"column":43},"end":{"line":33,"column":1}},"line":5},"1":{"name":"(anonymous_1)","decl":{"start":{"line":12,"column":4},"end":{"line":12,"column":5}},"loc":{"start":{"line":12,"column":29},"end":{"line":14,"column":5}},"line":12}},"branchMap":{},"s":{"0":4,"1":4,"2":4,"3":4,"4":4},"f":{"0":4,"1":4},"b":{},"_coverageSchema":"1a1c01bbd47fc00a2c39e90264f33305004495a9","hash":"6726ca2f1e28839bc35da01222d9494953e5e1ab"}
,"C:\\Users\\hp\\OneDrive\\Documents\\hacktiv8\\p2\\individual-project\\IP-ABIGAIL\\server\\models\\index.js": {"path":"C:\\Users\\hp\\OneDrive\\Documents\\hacktiv8\\p2\\individual-project\\IP-ABIGAIL\\server\\models\\index.js","statementMap":{"0":{"start":{"line":3,"column":11},"end":{"line":3,"column":24}},"1":{"start":{"line":4,"column":13},"end":{"line":4,"column":28}},"2":{"start":{"line":5,"column":18},"end":{"line":5,"column":38}},"3":{"start":{"line":6,"column":16},"end":{"line":6,"column":34}},"4":{"start":{"line":7,"column":17},"end":{"line":7,"column":42}},"5":{"start":{"line":8,"column":12},"end":{"line":8,"column":49}},"6":{"start":{"line":9,"column":15},"end":{"line":9,"column":65}},"7":{"start":{"line":10,"column":11},"end":{"line":10,"column":13}},"8":{"start":{"line":13,"column":0},"end":{"line":17,"column":1}},"9":{"start":{"line":14,"column":2},"end":{"line":14,"column":74}},"10":{"start":{"line":16,"column":2},"end":{"line":16,"column":87}},"11":{"start":{"line":19,"column":0},"end":{"line":32,"column":5}},"12":{"start":{"line":22,"column":4},"end":{"line":27,"column":6}},"13":{"start":{"line":30,"column":18},"end":{"line":30,"column":85}},"14":{"start":{"line":31,"column":4},"end":{"line":31,"column":27}},"15":{"start":{"line":34,"column":0},"end":{"line":38,"column":3}},"16":{"start":{"line":35,"column":2},"end":{"line":37,"column":3}},"17":{"start":{"line":36,"column":4},"end":{"line":36,"column":32}},"18":{"start":{"line":40,"column":0},"end":{"line":40,"column":25}},"19":{"start":{"line":41,"column":0},"end":{"line":41,"column":25}},"20":{"start":{"line":43,"column":0},"end":{"line":43,"column":20}}},"fnMap":{"0":{"name":"(anonymous_0)","decl":{"start":{"line":21,"column":10},"end":{"line":21,"column":11}},"loc":{"start":{"line":21,"column":18},"end":{"line":28,"column":3}},"line":21},"1":{"name":"(anonymous_1)","decl":{"start":{"line":29,"column":11},"end":{"line":29,"column":12}},"loc":{"start":{"line":29,"column":19},"end":{"line":32,"column":3}},"line":29},"2":{"name":"(anonymous_2)","decl":{"start":{"line":34,"column":24},"end":{"line":34,"column":25}},"loc":{"start":{"line":34,"column":37},"end":{"line":38,"column":1}},"line":34}},"branchMap":{"0":{"loc":{"start":{"line":8,"column":12},"end":{"line":8,"column":49}},"type":"binary-expr","locations":[{"start":{"line":8,"column":12},"end":{"line":8,"column":32}},{"start":{"line":8,"column":36},"end":{"line":8,"column":49}}],"line":8},"1":{"loc":{"start":{"line":13,"column":0},"end":{"line":17,"column":1}},"type":"if","locations":[{"start":{"line":13,"column":0},"end":{"line":17,"column":1}},{"start":{"line":15,"column":7},"end":{"line":17,"column":1}}],"line":13},"2":{"loc":{"start":{"line":23,"column":6},"end":{"line":26,"column":37}},"type":"binary-expr","locations":[{"start":{"line":23,"column":6},"end":{"line":23,"column":29}},{"start":{"line":24,"column":6},"end":{"line":24,"column":23}},{"start":{"line":25,"column":6},"end":{"line":25,"column":30}},{"start":{"line":26,"column":6},"end":{"line":26,"column":37}}],"line":23},"3":{"loc":{"start":{"line":35,"column":2},"end":{"line":37,"column":3}},"type":"if","locations":[{"start":{"line":35,"column":2},"end":{"line":37,"column":3}},{"start":{},"end":{}}],"line":35}},"s":{"0":4,"1":4,"2":4,"3":4,"4":4,"5":4,"6":4,"7":4,"8":4,"9":0,"10":4,"11":4,"12":24,"13":20,"14":20,"15":4,"16":20,"17":20,"18":4,"19":4,"20":4},"f":{"0":24,"1":20,"2":20},"b":{"0":[4,0],"1":[0,4],"2":[24,24,20,20],"3":[20,0]},"_coverageSchema":"1a1c01bbd47fc00a2c39e90264f33305004495a9","hash":"572f9e330340150125776f0e60b78b5f7147af3c"}
,"C:\\Users\\hp\\OneDrive\\Documents\\hacktiv8\\p2\\individual-project\\IP-ABIGAIL\\server\\models\\ownedbook.js": {"path":"C:\\Users\\hp\\OneDrive\\Documents\\hacktiv8\\p2\\individual-project\\IP-ABIGAIL\\server\\models\\ownedbook.js","statementMap":{"0":{"start":{"line":4,"column":4},"end":{"line":4,"column":24}},"1":{"start":{"line":5,"column":0},"end":{"line":52,"column":2}},"2":{"start":{"line":13,"column":6},"end":{"line":13,"column":65}},"3":{"start":{"line":14,"column":6},"end":{"line":14,"column":65}},"4":{"start":{"line":17,"column":2},"end":{"line":50,"column":5}},"5":{"start":{"line":51,"column":2},"end":{"line":51,"column":19}}},"fnMap":{"0":{"name":"(anonymous_0)","decl":{"start":{"line":5,"column":17},"end":{"line":5,"column":18}},"loc":{"start":{"line":5,"column":43},"end":{"line":52,"column":1}},"line":5},"1":{"name":"(anonymous_1)","decl":{"start":{"line":12,"column":4},"end":{"line":12,"column":5}},"loc":{"start":{"line":12,"column":29},"end":{"line":15,"column":5}},"line":12}},"branchMap":{},"s":{"0":4,"1":4,"2":4,"3":4,"4":4,"5":4},"f":{"0":4,"1":4},"b":{},"_coverageSchema":"1a1c01bbd47fc00a2c39e90264f33305004495a9","hash":"a1f99fc666f18987fd2892346d821121663fa7ac"}
,"C:\\Users\\hp\\OneDrive\\Documents\\hacktiv8\\p2\\individual-project\\IP-ABIGAIL\\server\\models\\user.js": {"path":"C:\\Users\\hp\\OneDrive\\Documents\\hacktiv8\\p2\\individual-project\\IP-ABIGAIL\\server\\models\\user.js","statementMap":{"0":{"start":{"line":3,"column":15},"end":{"line":3,"column":34}},"1":{"start":{"line":6,"column":4},"end":{"line":6,"column":24}},"2":{"start":{"line":7,"column":0},"end":{"line":75,"column":2}},"3":{"start":{"line":15,"column":6},"end":{"line":15,"column":63}},"4":{"start":{"line":18,"column":2},"end":{"line":67,"column":5}},"5":{"start":{"line":33,"column":23},"end":{"line":33,"column":70}},"6":{"start":{"line":34,"column":10},"end":{"line":36,"column":11}},"7":{"start":{"line":35,"column":12},"end":{"line":35,"column":52}},"8":{"start":{"line":69,"column":2},"end":{"line":72,"column":4}},"9":{"start":{"line":70,"column":15},"end":{"line":70,"column":37}},"10":{"start":{"line":71,"column":4},"end":{"line":71,"column":56}},"11":{"start":{"line":74,"column":2},"end":{"line":74,"column":14}}},"fnMap":{"0":{"name":"(anonymous_0)","decl":{"start":{"line":7,"column":17},"end":{"line":7,"column":18}},"loc":{"start":{"line":7,"column":43},"end":{"line":75,"column":1}},"line":7},"1":{"name":"(anonymous_1)","decl":{"start":{"line":14,"column":4},"end":{"line":14,"column":5}},"loc":{"start":{"line":14,"column":29},"end":{"line":16,"column":5}},"line":14},"2":{"name":"(anonymous_2)","decl":{"start":{"line":32,"column":18},"end":{"line":32,"column":19}},"loc":{"start":{"line":32,"column":35},"end":{"line":37,"column":9}},"line":32},"3":{"name":"(anonymous_3)","decl":{"start":{"line":69,"column":31},"end":{"line":69,"column":32}},"loc":{"start":{"line":69,"column":50},"end":{"line":72,"column":3}},"line":69}},"branchMap":{"0":{"loc":{"start":{"line":34,"column":10},"end":{"line":36,"column":11}},"type":"if","locations":[{"start":{"line":34,"column":10},"end":{"line":36,"column":11}},{"start":{},"end":{}}],"line":34}},"s":{"0":4,"1":4,"2":4,"3":4,"4":4,"5":13,"6":13,"7":3,"8":4,"9":8,"10":8,"11":4},"f":{"0":4,"1":4,"2":13,"3":8},"b":{"0":[3,10]},"_coverageSchema":"1a1c01bbd47fc00a2c39e90264f33305004495a9","hash":"39dc5beff2ff5fbb338365eadfa35c8d6ddb34ce"}
,"C:\\Users\\hp\\OneDrive\\Documents\\hacktiv8\\p2\\individual-project\\IP-ABIGAIL\\server\\routers\\index.js": {"path":"C:\\Users\\hp\\OneDrive\\Documents\\hacktiv8\\p2\\individual-project\\IP-ABIGAIL\\server\\routers\\index.js","statementMap":{"0":{"start":{"line":2,"column":16},"end":{"line":2,"column":34}},"1":{"start":{"line":3,"column":15},"end":{"line":3,"column":31}},"2":{"start":{"line":4,"column":19},"end":{"line":4,"column":58}},"3":{"start":{"line":5,"column":23},"end":{"line":5,"column":66}},"4":{"start":{"line":8,"column":0},"end":{"line":8,"column":62}},"5":{"start":{"line":11,"column":0},"end":{"line":11,"column":50}},"6":{"start":{"line":14,"column":0},"end":{"line":14,"column":64}},"7":{"start":{"line":17,"column":0},"end":{"line":17,"column":44}},"8":{"start":{"line":20,"column":0},"end":{"line":20,"column":53}},"9":{"start":{"line":23,"column":0},"end":{"line":23,"column":50}},"10":{"start":{"line":26,"column":0},"end":{"line":26,"column":49}},"11":{"start":{"line":29,"column":0},"end":{"line":29,"column":77}},"12":{"start":{"line":32,"column":0},"end":{"line":32,"column":74}},"13":{"start":{"line":35,"column":0},"end":{"line":35,"column":68}},"14":{"start":{"line":38,"column":0},"end":{"line":38,"column":77}},"15":{"start":{"line":41,"column":0},"end":{"line":41,"column":78}},"16":{"start":{"line":42,"column":0},"end":{"line":42,"column":24}}},"fnMap":{},"branchMap":{},"s":{"0":4,"1":4,"2":4,"3":4,"4":4,"5":4,"6":4,"7":4,"8":4,"9":4,"10":4,"11":4,"12":4,"13":4,"14":4,"15":4,"16":4},"f":{},"b":{},"_coverageSchema":"1a1c01bbd47fc00a2c39e90264f33305004495a9","hash":"7ba6439e94e7decd1fcd2ace197fa7511e8901d5"}
}
