TN:
SF:app.js
FNF:0
FNH:0
DA:2,4
DA:3,4
DA:4,4
DA:5,4
DA:6,4
DA:7,4
DA:9,4
DA:10,4
DA:11,4
DA:13,4
DA:14,4
DA:16,4
LF:12
LH:12
BRF:0
BRH:0
end_of_record
TN:
SF:controllers\controller.js
FN:15,(anonymous_0)
FN:31,(anonymous_1)
FN:42,(anonymous_2)
FN:64,(anonymous_3)
FN:88,(anonymous_4)
FN:117,(anonymous_5)
FN:144,(anonymous_6)
FN:166,(anonymous_7)
FN:183,(anonymous_8)
FN:206,(anonymous_9)
FN:224,(anonymous_10)
FN:241,(anonymous_11)
FNF:12
FNH:12
FNDA:1,(anonymous_0)
FNDA:1,(anonymous_1)
FNDA:1,(anonymous_2)
FNDA:5,(anonymous_3)
FNDA:11,(anonymous_4)
FNDA:4,(anonymous_5)
FNDA:2,(anonymous_6)
FNDA:1,(anonymous_7)
FNDA:1,(anonymous_8)
FNDA:1,(anonymous_9)
FNDA:1,(anonymous_10)
FNDA:3,(anonymous_11)
DA:1,4
DA:2,4
DA:3,4
DA:4,4
DA:11,4
DA:12,4
DA:13,4
DA:16,1
DA:17,1
DA:25,0
DA:27,1
DA:32,1
DA:33,1
DA:36,1
DA:38,0
DA:43,1
DA:44,1
DA:45,1
DA:51,1
DA:52,1
DA:57,0
DA:58,0
DA:60,1
DA:65,5
DA:66,5
DA:67,5
DA:68,2
DA:73,3
DA:78,3
DA:79,2
DA:80,2
DA:81,1
DA:82,1
DA:84,4
DA:89,11
DA:90,11
DA:91,11
DA:92,3
DA:97,8
DA:103,2
DA:110,2
DA:112,9
DA:113,9
DA:118,4
DA:119,4
DA:120,4
DA:122,3
DA:126,2
DA:128,2
DA:137,2
DA:138,2
DA:140,2
DA:145,2
DA:146,2
DA:147,2
DA:153,2
DA:154,2
DA:159,0
DA:161,2
DA:162,2
DA:167,1
DA:168,1
DA:169,1
DA:170,1
DA:171,1
DA:172,0
DA:176,0
DA:178,1
DA:179,1
DA:184,1
DA:185,1
DA:186,1
DA:187,1
DA:188,1
DA:197,1
DA:198,1
DA:199,0
DA:201,1
DA:202,1
DA:207,1
DA:208,1
DA:217,1
DA:219,0
DA:220,0
DA:225,1
DA:226,1
DA:227,1
DA:228,1
DA:229,0
DA:234,0
DA:236,1
DA:237,1
DA:242,3
DA:243,3
DA:256,2
DA:257,2
DA:259,0
DA:260,0
DA:262,1
DA:263,1
DA:268,4
LF:101
LH:87
BRDA:51,0,0,1
BRDA:51,0,1,0
BRDA:67,1,0,2
BRDA:67,1,1,3
BRDA:67,2,0,5
BRDA:67,2,1,4
BRDA:78,3,0,1
BRDA:78,3,1,2
BRDA:80,4,0,1
BRDA:80,4,1,1
BRDA:91,5,0,3
BRDA:91,5,1,8
BRDA:91,6,0,11
BRDA:91,6,1,9
BRDA:120,7,0,1
BRDA:120,7,1,3
BRDA:153,8,0,2
BRDA:153,8,1,0
BRDA:171,9,0,1
BRDA:171,9,1,0
BRDA:187,10,0,0
BRDA:187,10,1,1
BRDA:198,11,0,1
BRDA:198,11,1,0
BRDA:228,12,0,1
BRDA:228,12,1,0
BRDA:256,13,0,2
BRDA:256,13,1,0
BRF:28
BRH:21
end_of_record
TN:
SF:helpers\createToken.js
FN:6,(anonymous_0)
FN:10,(anonymous_1)
FNF:2
FNH:2
FNDA:6,(anonymous_0)
FNDA:8,(anonymous_1)
DA:3,4
DA:4,4
DA:6,4
DA:7,6
DA:10,4
DA:11,8
DA:14,4
LF:7
LH:7
BRF:0
BRH:0
end_of_record
TN:
SF:helpers\genai.js
FN:6,generateBookRecommendations
FN:9,(anonymous_1)
FNF:2
FNH:2
FNDA:10,generateBookRecommendations
FNDA:10,(anonymous_1)
DA:1,5
DA:2,5
DA:4,5
DA:7,10
DA:9,10
DA:15,10
DA:16,10
DA:37,10
DA:41,0
DA:42,0
DA:43,0
DA:44,0
DA:46,10
DA:47,10
DA:51,5
LF:15
LH:11
BRF:0
BRH:0
end_of_record
TN:
SF:middlewares\authentication.js
FN:4,authentication
FNF:1
FNH:1
FNDA:18,authentication
DA:2,4
DA:5,18
DA:6,18
DA:7,18
DA:8,5
DA:11,13
DA:12,13
DA:13,13
DA:15,13
DA:17,11
DA:20,11
DA:21,9
DA:22,2
DA:24,7
DA:27,7
DA:29,11
DA:30,11
DA:34,4
LF:18
LH:18
BRDA:7,0,0,5
BRDA:7,0,1,13
BRDA:15,1,0,2
BRDA:15,1,1,11
BRDA:21,2,0,2
BRDA:21,2,1,7
BRF:6
BRH:6
end_of_record
TN:
SF:middlewares\errorHandler.js
FN:1,errorHandler
FNF:1
FNH:1
FNDA:34,errorHandler
DA:2,34
DA:3,34
DA:4,6
DA:7,28
DA:8,11
DA:11,17
DA:12,6
DA:15,11
DA:16,5
DA:19,6
DA:20,1
DA:23,5
DA:26,4
LF:13
LH:13
BRDA:3,0,0,6
BRDA:3,0,1,28
BRDA:7,1,0,11
BRDA:7,1,1,17
BRDA:11,2,0,6
BRDA:11,2,1,11
BRDA:15,3,0,5
BRDA:15,3,1,6
BRDA:19,4,0,1
BRDA:19,4,1,5
BRF:10
BRH:10
end_of_record
TN:
SF:models\book.js
FN:5,(anonymous_0)
FN:12,(anonymous_1)
FN:73,(anonymous_2)
FNF:3
FNH:3
FNDA:4,(anonymous_0)
FNDA:4,(anonymous_1)
FNDA:1,(anonymous_2)
DA:4,4
DA:5,4
DA:13,4
DA:14,4
DA:17,4
DA:73,4
DA:74,1
DA:75,0
DA:78,4
LF:9
LH:8
BRDA:74,0,0,0
BRDA:74,0,1,1
BRF:2
BRH:1
end_of_record
TN:
SF:models\category.js
FN:5,(anonymous_0)
FN:12,(anonymous_1)
FNF:2
FNH:2
FNDA:4,(anonymous_0)
FNDA:4,(anonymous_1)
DA:4,4
DA:5,4
DA:13,4
DA:14,4
DA:17,4
DA:46,4
LF:6
LH:6
BRF:0
BRH:0
end_of_record
TN:
SF:models\categoryheader.js
FN:5,(anonymous_0)
FN:12,(anonymous_1)
FNF:2
FNH:2
FNDA:4,(anonymous_0)
FNDA:4,(anonymous_1)
DA:4,4
DA:5,4
DA:13,4
DA:16,4
DA:32,4
LF:5
LH:5
BRF:0
BRH:0
end_of_record
TN:
SF:models\index.js
FN:21,(anonymous_0)
FN:29,(anonymous_1)
FN:34,(anonymous_2)
FNF:3
FNH:3
FNDA:24,(anonymous_0)
FNDA:20,(anonymous_1)
FNDA:20,(anonymous_2)
DA:3,4
DA:4,4
DA:5,4
DA:6,4
DA:7,4
DA:8,4
DA:9,4
DA:10,4
DA:13,4
DA:14,0
DA:16,4
DA:19,4
DA:22,24
DA:30,20
DA:31,20
DA:34,4
DA:35,20
DA:36,20
DA:40,4
DA:41,4
DA:43,4
LF:21
LH:20
BRDA:8,0,0,4
BRDA:8,0,1,0
BRDA:13,1,0,0
BRDA:13,1,1,4
BRDA:23,2,0,24
BRDA:23,2,1,24
BRDA:23,2,2,20
BRDA:23,2,3,20
BRDA:35,3,0,20
BRDA:35,3,1,0
BRF:10
BRH:7
end_of_record
TN:
SF:models\ownedbook.js
FN:5,(anonymous_0)
FN:12,(anonymous_1)
FNF:2
FNH:2
FNDA:4,(anonymous_0)
FNDA:4,(anonymous_1)
DA:4,4
DA:5,4
DA:13,4
DA:14,4
DA:17,4
DA:51,4
LF:6
LH:6
BRF:0
BRH:0
end_of_record
TN:
SF:models\user.js
FN:7,(anonymous_0)
FN:14,(anonymous_1)
FN:32,(anonymous_2)
FN:69,(anonymous_3)
FNF:4
FNH:4
FNDA:4,(anonymous_0)
FNDA:4,(anonymous_1)
FNDA:13,(anonymous_2)
FNDA:8,(anonymous_3)
DA:3,4
DA:6,4
DA:7,4
DA:15,4
DA:18,4
DA:33,13
DA:34,13
DA:35,3
DA:69,4
DA:70,8
DA:71,8
DA:74,4
LF:12
LH:12
BRDA:34,0,0,3
BRDA:34,0,1,10
BRF:2
BRH:2
end_of_record
TN:
SF:routers\index.js
FNF:0
FNH:0
DA:2,4
DA:3,4
DA:4,4
DA:5,4
DA:8,4
DA:11,4
DA:14,4
DA:17,4
DA:20,4
DA:23,4
DA:26,4
DA:29,4
DA:32,4
DA:35,4
DA:38,4
DA:41,4
DA:42,4
LF:17
LH:17
BRF:0
BRH:0
end_of_record
