TN:
SF:app.js
FNF:0
FNH:0
DA:2,3
DA:3,3
DA:4,3
DA:5,3
DA:6,3
DA:7,3
DA:8,3
DA:10,3
DA:11,3
DA:12,3
DA:14,3
DA:15,3
DA:17,3
LF:13
LH:13
BRF:0
BRH:0
end_of_record
TN:
SF:controllers\controller.js
FN:13,(anonymous_0)
FN:23,(anonymous_1)
FN:38,(anonymous_2)
FN:49,(anonymous_3)
FN:70,(anonymous_4)
FN:94,(anonymous_5)
FN:124,(anonymous_6)
FN:146,(anonymous_7)
FN:163,(anonymous_8)
FN:186,(anonymous_9)
FN:204,(anonymous_10)
FNF:11
FNH:10
FNDA:0,(anonymous_0)
FNDA:1,(anonymous_1)
FNDA:1,(anonymous_2)
FNDA:2,(anonymous_3)
FNDA:5,(anonymous_4)
FNDA:4,(anonymous_5)
FNDA:3,(anonymous_6)
FNDA:2,(anonymous_7)
FNDA:3,(anonymous_8)
FNDA:1,(anonymous_9)
FNDA:2,(anonymous_10)
DA:1,3
DA:2,3
DA:9,3
DA:10,3
DA:11,3
DA:14,0
DA:17,0
DA:19,0
DA:24,1
DA:25,1
DA:32,1
DA:34,0
DA:39,1
DA:40,1
DA:43,1
DA:45,0
DA:50,2
DA:51,2
DA:52,2
DA:58,2
DA:59,1
DA:64,1
DA:66,1
DA:71,5
DA:72,5
DA:73,5
DA:74,2
DA:79,3
DA:84,3
DA:85,2
DA:86,2
DA:87,1
DA:88,1
DA:90,4
DA:95,4
DA:96,4
DA:97,4
DA:98,2
DA:103,2
DA:109,1
DA:117,1
DA:119,3
DA:120,3
DA:125,3
DA:126,3
DA:127,3
DA:133,2
DA:134,1
DA:139,1
DA:141,2
DA:142,2
DA:147,2
DA:148,2
DA:149,2
DA:150,2
DA:151,2
DA:152,1
DA:156,1
DA:158,1
DA:159,1
DA:164,3
DA:165,3
DA:166,3
DA:167,3
DA:168,2
DA:177,2
DA:178,2
DA:179,1
DA:181,2
DA:182,2
DA:187,1
DA:188,1
DA:197,1
DA:199,0
DA:200,0
DA:205,2
DA:206,2
DA:207,2
DA:208,2
DA:209,1
DA:214,1
DA:216,1
DA:217,1
DA:222,3
LF:84
LH:77
BRDA:58,0,0,1
BRDA:58,0,1,1
BRDA:73,1,0,2
BRDA:73,1,1,3
BRDA:73,2,0,5
BRDA:73,2,1,4
BRDA:84,3,0,1
BRDA:84,3,1,2
BRDA:86,4,0,1
BRDA:86,4,1,1
BRDA:97,5,0,2
BRDA:97,5,1,2
BRDA:97,6,0,4
BRDA:97,6,1,3
BRDA:133,7,0,1
BRDA:133,7,1,1
BRDA:151,8,0,1
BRDA:151,8,1,1
BRDA:167,9,0,1
BRDA:167,9,1,2
BRDA:178,10,0,1
BRDA:178,10,1,1
BRDA:208,11,0,1
BRDA:208,11,1,1
BRF:24
BRH:24
end_of_record
TN:
SF:helpers\createToken.js
FN:6,(anonymous_0)
FN:10,(anonymous_1)
FNF:2
FNH:2
FNDA:4,(anonymous_0)
FNDA:9,(anonymous_1)
DA:3,3
DA:4,3
DA:6,3
DA:7,4
DA:10,3
DA:11,9
DA:14,3
LF:7
LH:7
BRF:0
BRH:0
end_of_record
TN:
SF:middlewares\authentication.js
FN:4,authentication
FNF:1
FNH:1
FNDA:13,authentication
DA:2,3
DA:5,13
DA:6,13
DA:7,13
DA:8,3
DA:11,10
DA:12,10
DA:13,10
DA:15,10
DA:17,9
DA:20,9
DA:21,8
DA:22,0
DA:24,8
DA:27,8
DA:29,5
DA:30,5
DA:34,3
LF:18
LH:17
BRDA:7,0,0,3
BRDA:7,0,1,10
BRDA:15,1,0,1
BRDA:15,1,1,9
BRDA:21,2,0,0
BRDA:21,2,1,8
BRF:6
BRH:5
end_of_record
TN:
SF:middlewares\errorHandler.js
FN:1,errorHandler
FNF:1
FNH:1
FNDA:19,errorHandler
DA:2,19
DA:3,19
DA:4,5
DA:7,14
DA:8,6
DA:11,8
DA:12,5
DA:15,3
DA:16,1
DA:19,2
DA:20,1
DA:23,1
DA:26,3
LF:13
LH:13
BRDA:3,0,0,5
BRDA:3,0,1,14
BRDA:7,1,0,6
BRDA:7,1,1,8
BRDA:11,2,0,5
BRDA:11,2,1,3
BRDA:15,3,0,1
BRDA:15,3,1,2
BRDA:19,4,0,1
BRDA:19,4,1,1
BRF:10
BRH:10
end_of_record
TN:
SF:models\book.js
FN:5,(anonymous_0)
FN:12,(anonymous_1)
FN:73,(anonymous_2)
FNF:3
FNH:3
FNDA:3,(anonymous_0)
FNDA:3,(anonymous_1)
FNDA:3,(anonymous_2)
DA:4,3
DA:5,3
DA:13,3
DA:14,3
DA:17,3
DA:73,3
DA:74,3
DA:75,0
DA:78,3
LF:9
LH:8
BRDA:74,0,0,0
BRDA:74,0,1,3
BRF:2
BRH:1
end_of_record
TN:
SF:models\category.js
FN:5,(anonymous_0)
FN:12,(anonymous_1)
FNF:2
FNH:2
FNDA:3,(anonymous_0)
FNDA:3,(anonymous_1)
DA:4,3
DA:5,3
DA:13,3
DA:14,3
DA:17,3
DA:46,3
LF:6
LH:6
BRF:0
BRH:0
end_of_record
TN:
SF:models\categoryheader.js
FN:5,(anonymous_0)
FN:12,(anonymous_1)
FNF:2
FNH:2
FNDA:3,(anonymous_0)
FNDA:3,(anonymous_1)
DA:4,3
DA:5,3
DA:13,3
DA:16,3
DA:22,3
LF:5
LH:5
BRF:0
BRH:0
end_of_record
TN:
SF:models\index.js
FN:21,(anonymous_0)
FN:29,(anonymous_1)
FN:34,(anonymous_2)
FNF:3
FNH:3
FNDA:18,(anonymous_0)
FNDA:15,(anonymous_1)
FNDA:15,(anonymous_2)
DA:3,3
DA:4,3
DA:5,3
DA:6,3
DA:7,3
DA:8,3
DA:9,3
DA:10,3
DA:13,3
DA:14,0
DA:16,3
DA:19,3
DA:22,18
DA:30,15
DA:31,15
DA:34,3
DA:35,15
DA:36,15
DA:40,3
DA:41,3
DA:43,3
LF:21
LH:20
BRDA:8,0,0,3
BRDA:8,0,1,0
BRDA:13,1,0,0
BRDA:13,1,1,3
BRDA:23,2,0,18
BRDA:23,2,1,18
BRDA:23,2,2,15
BRDA:23,2,3,15
BRDA:35,3,0,15
BRDA:35,3,1,0
BRF:10
BRH:7
end_of_record
TN:
SF:models\ownedbook.js
FN:5,(anonymous_0)
FN:12,(anonymous_1)
FNF:2
FNH:2
FNDA:3,(anonymous_0)
FNDA:3,(anonymous_1)
DA:4,3
DA:5,3
DA:13,3
DA:14,3
DA:17,3
DA:51,3
LF:6
LH:6
BRF:0
BRH:0
end_of_record
TN:
SF:models\user.js
FN:7,(anonymous_0)
FN:14,(anonymous_1)
FN:32,(anonymous_2)
FN:69,(anonymous_3)
FNF:4
FNH:4
FNDA:3,(anonymous_0)
FNDA:3,(anonymous_1)
FNDA:5,(anonymous_2)
FNDA:4,(anonymous_3)
DA:3,3
DA:6,3
DA:7,3
DA:15,3
DA:18,3
DA:33,5
DA:34,5
DA:35,1
DA:69,3
DA:70,4
DA:71,4
DA:74,3
LF:12
LH:12
BRDA:34,0,0,1
BRDA:34,0,1,4
BRF:2
BRH:2
end_of_record
TN:
SF:routers\index.js
FNF:0
FNH:0
DA:2,3
DA:3,3
DA:4,3
DA:5,3
DA:8,3
DA:11,3
DA:14,3
DA:17,3
DA:20,3
DA:23,3
DA:26,3
DA:29,3
DA:32,3
DA:35,3
DA:38,3
DA:39,3
LF:16
LH:16
BRF:0
BRH:0
end_of_record
